###############################################################################
#
# IAR ANSI C/C++ Compiler V7.80.1.11864/W32 for ARM       25/Jan/2017  17:34:46
# Copyright 1999-2016 IAR Systems AB.
#
#    Cpu mode     =  thumb
#    Endian       =  little
#    Source file  =  
#        C:\LEO\myGit\MTK
#        IOT\SDK_V4.2.0\driver\board\mt76x7_hdk\util\src\board_cli.c
#    Command line =  
#        "C:\LEO\myGit\MTK
#        IOT\SDK_V4.2.0\driver\board\mt76x7_hdk\util\src\board_cli.c" -D
#        MTK_LOAD_MAC_ADDR_FROM_EFUSE -D MTK_PING_OUT_ENABLE -D
#        MTK_WIFI_PROFILE_ENABLE -D PCFG_OS=2 -D _REENT_SMALL -D
#        MTK_MINISUPP_ENABLE -D MTK_MINICLI_ENABLE -D MTK_BSPEXT_ENABLE -D
#        MTK_HAL_LOWPOWER_ENABLE -D MTK_LWIP_ENABLE -D
#        MTK_HTTPCLIENT_SSL_ENABLE -D MTK_IPERF_ENABLE -D PRODUCT_VERSION=7697
#        -D MTK_WIFI_TGN_VERIFY_ENABLE -D MTK_SMTCN_ENABLE -D
#        MTK_CLI_TEST_MODE_ENABLE -D MTK_WIFI_REPEATER_ENABLE -D
#        CONFIG_REPEATER -D MTK_DEBUG_LEVEL_INFO -D MTK_DEBUG_LEVEL_WARNING -D
#        MTK_DEBUG_LEVEL_ERROR -D configOVERRIDE_DEFAULT_TICK_CONFIGURATION -D
#        CFG_SUPPORT_SMNT_PROTO=2 -D BT_DEBUG -D MTK_BLE_CLI_ENABLE -D
#        MTK_BLE_BQB_CLI_ENABLE -D MTK_HCI_CONSOLE_MIX_ENABLE -D
#        MTK_BLE_BQB_TEST_ENABLE -D MTK_BLE_SMTCN_ENABLE -D SUPPORT_MBEDTLS -D
#        MBEDTLS_CONFIG_FILE=<config-mtk-basic.h> -D MTK_NVDM_ENABLE -D
#        MTK_WIFI_PRIVILEGE_ENABLE -D MTK_MCS_ENABLE -D MTK_BLE_GPIO_SERVICE -D
#        __BT_DEBUG__ -lcN "C:\LEO\myGit\MTK
#        IOT\SDK_V4.2.0\out_iar\mt7697_hdk\iot_sdk_demo\Debug\List" -lA
#        "C:\LEO\myGit\MTK
#        IOT\SDK_V4.2.0\out_iar\mt7697_hdk\iot_sdk_demo\Debug\List"
#        --diag_suppress Pa050,Ta022,Ta023 --diag_error Pe606 -o
#        "C:\LEO\myGit\MTK
#        IOT\SDK_V4.2.0\out_iar\mt7697_hdk\iot_sdk_demo\Debug\Obj" --no_unroll
#        --no_inline --no_tbaa --no_scheduling --debug --endian=little
#        --cpu=Cortex-M4 -e --fpu=VFPv4_sp --dlib_config "C:\Program Files
#        (x86)\IAR Systems\Embedded Workbench 7.5\arm\INC\c\DLib_Config_Full.h"
#        -I "C:\LEO\myGit\MTK
#        IOT\SDK_V4.2.0\project\mt7697_hdk\apps\iot_sdk_demo\EWARM\..\inc\" -I
#        "C:\LEO\myGit\MTK
#        IOT\SDK_V4.2.0\project\mt7697_hdk\apps\iot_sdk_demo\EWARM\..\..\..\..\..\kernel\service\inc\"
#        -I "C:\LEO\myGit\MTK
#        IOT\SDK_V4.2.0\project\mt7697_hdk\apps\iot_sdk_demo\EWARM\..\..\..\..\..\kernel\rtos\FreeRTOS\Source\include\"
#        -I "C:\LEO\myGit\MTK
#        IOT\SDK_V4.2.0\project\mt7697_hdk\apps\iot_sdk_demo\EWARM\..\..\..\..\..\kernel\rtos\FreeRTOS\Source\portable\IAR\ARM_CM4F\"
#        -I "C:\LEO\myGit\MTK
#        IOT\SDK_V4.2.0\project\mt7697_hdk\apps\iot_sdk_demo\EWARM\..\..\..\..\..\kernel\rtos\FreeRTOS\inc\"
#        -I "C:\LEO\myGit\MTK
#        IOT\SDK_V4.2.0\project\mt7697_hdk\apps\iot_sdk_demo\EWARM\..\..\..\..\..\driver\CMSIS\Device\MTK\mt7687\Include\"
#        -I "C:\LEO\myGit\MTK
#        IOT\SDK_V4.2.0\project\mt7697_hdk\apps\iot_sdk_demo\EWARM\..\..\..\..\..\driver\CMSIS\Include\"
#        -I "C:\LEO\myGit\MTK
#        IOT\SDK_V4.2.0\project\mt7697_hdk\apps\iot_sdk_demo\EWARM\..\..\..\..\..\driver\chip\inc\"
#        -I "C:\LEO\myGit\MTK
#        IOT\SDK_V4.2.0\project\mt7697_hdk\apps\iot_sdk_demo\EWARM\..\..\..\..\..\driver\chip\mt7687\inc\"
#        -I "C:\LEO\myGit\MTK
#        IOT\SDK_V4.2.0\project\mt7697_hdk\apps\iot_sdk_demo\EWARM\..\..\..\..\..\driver\board\mt76x7_hdk\wifi\inc\"
#        -I "C:\LEO\myGit\MTK
#        IOT\SDK_V4.2.0\project\mt7697_hdk\apps\iot_sdk_demo\EWARM\..\..\..\..\..\middleware\third_party\dhcpd\inc\"
#        -I "C:\LEO\myGit\MTK
#        IOT\SDK_V4.2.0\project\mt7697_hdk\apps\iot_sdk_demo\EWARM\..\..\..\..\..\middleware\MTK\minicli\inc\"
#        -I "C:\LEO\myGit\MTK
#        IOT\SDK_V4.2.0\project\mt7697_hdk\apps\iot_sdk_demo\EWARM\..\..\..\..\..\middleware\MTK\minisupp\inc\"
#        -I "C:\LEO\myGit\MTK
#        IOT\SDK_V4.2.0\project\mt7697_hdk\apps\iot_sdk_demo\EWARM\..\..\..\..\..\driver\chip\inc\"
#        -I "C:\LEO\myGit\MTK
#        IOT\SDK_V4.2.0\project\mt7697_hdk\apps\iot_sdk_demo\EWARM\..\..\..\..\..\driver\chip\mt7687\src\common\include\"
#        -I "C:\LEO\myGit\MTK
#        IOT\SDK_V4.2.0\project\mt7697_hdk\apps\iot_sdk_demo\EWARM\..\..\..\..\..\middleware\third_party\lwip\src\include\"
#        -I "C:\LEO\myGit\MTK
#        IOT\SDK_V4.2.0\project\mt7697_hdk\apps\iot_sdk_demo\EWARM\..\..\..\..\..\middleware\third_party\lwip\ports\include\"
#        -I "C:\LEO\myGit\MTK
#        IOT\SDK_V4.2.0\project\mt7697_hdk\apps\iot_sdk_demo\EWARM\..\..\..\..\..\middleware\third_party\lwip\src\include\lwip\"
#        -I "C:\LEO\myGit\MTK
#        IOT\SDK_V4.2.0\project\mt7697_hdk\apps\iot_sdk_demo\EWARM\..\..\..\..\..\project\common\bsp_ex\inc\"
#        -I "C:\LEO\myGit\MTK
#        IOT\SDK_V4.2.0\project\mt7697_hdk\apps\iot_sdk_demo\EWARM\..\..\..\..\..\middleware\MTK\nvdm\inc\"
#        -I "C:\LEO\myGit\MTK
#        IOT\SDK_V4.2.0\project\mt7697_hdk\apps\iot_sdk_demo\EWARM\..\..\..\..\..\middleware\third_party\ping\inc\"
#        -I "C:\LEO\myGit\MTK
#        IOT\SDK_V4.2.0\project\mt7697_hdk\apps\iot_sdk_demo\EWARM\..\..\..\..\..\middleware\MTK\smtcn\inc\"
#        -I "C:\LEO\myGit\MTK
#        IOT\SDK_V4.2.0\project\mt7697_hdk\apps\iot_sdk_demo\EWARM\..\..\..\..\..\middleware\MTK\iperf\inc\"
#        -I "C:\LEO\myGit\MTK
#        IOT\SDK_V4.2.0\project\mt7697_hdk\apps\iot_sdk_demo\EWARM\..\..\..\..\..\project\mt7697_hdk\apps\iot_sdk_demo\inc\"
#        -I "C:\LEO\myGit\MTK
#        IOT\SDK_V4.2.0\project\mt7697_hdk\apps\iot_sdk_demo\EWARM\..\..\..\..\..\driver\chip\mt7687\inc\"
#        -I "C:\LEO\myGit\MTK
#        IOT\SDK_V4.2.0\project\mt7697_hdk\apps\iot_sdk_demo\EWARM\..\..\..\..\..\driver\board\mt76x7_hdk\util\inc\"
#        -I "C:\LEO\myGit\MTK
#        IOT\SDK_V4.2.0\project\mt7697_hdk\apps\iot_sdk_demo\EWARM\..\..\..\..\..\driver\board\mt76x7_hdk\wifi\inc\"
#        -I "C:\LEO\myGit\MTK
#        IOT\SDK_V4.2.0\project\mt7697_hdk\apps\iot_sdk_demo\EWARM\..\..\..\..\..\middleware\MTK\bluetooth\inc\"
#        -I "C:\LEO\myGit\MTK
#        IOT\SDK_V4.2.0\project\mt7697_hdk\apps\iot_sdk_demo\EWARM\..\..\..\..\..\project\mt7697_hdk\apps\iot_sdk_demo\src\ut_app\"
#        -I "C:\LEO\myGit\MTK
#        IOT\SDK_V4.2.0\project\mt7697_hdk\apps\iot_sdk_demo\EWARM\..\..\..\..\..\driver\board\mt76x7_hdk\ept\inc\"
#        -I "C:\LEO\myGit\MTK
#        IOT\SDK_V4.2.0\project\mt7697_hdk\apps\iot_sdk_demo\EWARM\..\..\..\..\..\middleware\third_party\mbedtls\include\"
#        -I "C:\LEO\myGit\MTK
#        IOT\SDK_V4.2.0\project\mt7697_hdk\apps\iot_sdk_demo\EWARM\..\..\..\..\..\middleware\third_party\mbedtls\configs\"
#        -I "C:\LEO\myGit\MTK
#        IOT\SDK_V4.2.0\project\mt7697_hdk\apps\iot_sdk_demo\EWARM\..\..\..\..\..\driver\board\mt76x7_hdk\external_flash\inc\"
#        -I "C:\LEO\myGit\MTK
#        IOT\SDK_V4.2.0\project\mt7697_hdk\apps\iot_sdk_demo\EWARM\..\..\..\..\..\middleware\third_party\httpclient\inc\"
#        -Om -I "C:\Program Files (x86)\IAR Systems\Embedded Workbench
#        7.5\arm\CMSIS\Include\"
#    Locale       =  Chinese (Simplified)_CHN.936
#    List file    =  
#        C:\LEO\myGit\MTK
#        IOT\SDK_V4.2.0\out_iar\mt7697_hdk\iot_sdk_demo\Debug\List\board_cli.lst
#    Object file  =  
#        C:\LEO\myGit\MTK
#        IOT\SDK_V4.2.0\out_iar\mt7697_hdk\iot_sdk_demo\Debug\Obj\board_cli.o
#
###############################################################################

C:\LEO\myGit\MTK IOT\SDK_V4.2.0\driver\board\mt76x7_hdk\util\src\board_cli.c
      1          /* Copyright Statement:
      2           *
      3           * (C) 2005-2016  MediaTek Inc. All rights reserved.
      4           *
      5           * This software/firmware and related documentation ("MediaTek Software") are
      6           * protected under relevant copyright laws. The information contained herein
      7           * is confidential and proprietary to MediaTek Inc. ("MediaTek") and/or its licensors.
      8           * Without the prior written permission of MediaTek and/or its licensors,
      9           * any reproduction, modification, use or disclosure of MediaTek Software,
     10           * and information contained herein, in whole or in part, shall be strictly prohibited.
     11           * You may only use, reproduce, modify, or distribute (as applicable) MediaTek Software
     12           * if you have agreed to and been bound by the applicable license agreement with
     13           * MediaTek ("License Agreement") and been granted explicit permission to do so within
     14           * the License Agreement ("Permitted User").  If you are not a Permitted User,
     15           * please cease any access or use of MediaTek Software immediately.
     16           * BY OPENING THIS FILE, RECEIVER HEREBY UNEQUIVOCALLY ACKNOWLEDGES AND AGREES
     17           * THAT MEDIATEK SOFTWARE RECEIVED FROM MEDIATEK AND/OR ITS REPRESENTATIVES
     18           * ARE PROVIDED TO RECEIVER ON AN "AS-IS" BASIS ONLY. MEDIATEK EXPRESSLY DISCLAIMS ANY AND ALL
     19           * WARRANTIES, EXPRESS OR IMPLIED, INCLUDING BUT NOT LIMITED TO THE IMPLIED WARRANTIES OF
     20           * MERCHANTABILITY, FITNESS FOR A PARTICULAR PURPOSE OR NONINFRINGEMENT.
     21           * NEITHER DOES MEDIATEK PROVIDE ANY WARRANTY WHATSOEVER WITH RESPECT TO THE
     22           * SOFTWARE OF ANY THIRD PARTY WHICH MAY BE USED BY, INCORPORATED IN, OR
     23           * SUPPLIED WITH MEDIATEK SOFTWARE, AND RECEIVER AGREES TO LOOK ONLY TO SUCH
     24           * THIRD PARTY FOR ANY WARRANTY CLAIM RELATING THERETO. RECEIVER EXPRESSLY ACKNOWLEDGES
     25           * THAT IT IS RECEIVER'S SOLE RESPONSIBILITY TO OBTAIN FROM ANY THIRD PARTY ALL PROPER LICENSES
     26           * CONTAINED IN MEDIATEK SOFTWARE. MEDIATEK SHALL ALSO NOT BE RESPONSIBLE FOR ANY MEDIATEK
     27           * SOFTWARE RELEASES MADE TO RECEIVER'S SPECIFICATION OR TO CONFORM TO A PARTICULAR
     28           * STANDARD OR OPEN FORUM. RECEIVER'S SOLE AND EXCLUSIVE REMEDY AND MEDIATEK'S ENTIRE AND
     29           * CUMULATIVE LIABILITY WITH RESPECT TO MEDIATEK SOFTWARE RELEASED HEREUNDER WILL BE,
     30           * AT MEDIATEK'S OPTION, TO REVISE OR REPLACE MEDIATEK SOFTWARE AT ISSUE,
     31           * OR REFUND ANY SOFTWARE LICENSE FEES OR SERVICE CHARGE PAID BY RECEIVER TO
     32           * MEDIATEK FOR SUCH MEDIATEK SOFTWARE AT ISSUE.
     33           */
     34          
     35          
     36          #include <stdio.h>
     37          #include <stdint.h>
     38          
     39          #include "os.h"
     40          
     41          #include "toi.h"
     42          #include "cli.h"
     43          #include "hal_sys.h"
     44          #include "hal_cache.h"
     45          #include "connsys_util.h"
     46          
     47          #ifndef MTK_FW_VERSION
     48          
     49          #ifdef __CC_ARM
     50          #define MTK_FW_VERSION "Not supported by Keil"
     51          #endif
     52          
     53          #ifdef __ICCARM__
     54          #define MTK_FW_VERSION "Not supported by IAR"
     55          #endif
     56          
     57          #endif
     58          
     59          
     60          
     61          /****************************************************************************
     62           * Public Functions
     63           ****************************************************************************/
     64          
     65          
     66          uint8_t board_cli_ver(uint8_t len, char *param[])
     67          {
     68              char fw_ver[32];
     69              char patch_ver[32];
     70          
     71              os_memset(fw_ver, 0, 32);
     72              os_memset(patch_ver, 0, 32);
     73          
     74              cli_puts("CM4 Image Ver: ");
     75              cli_puts(MTK_FW_VERSION);
     76              cli_putln();
     77          
     78              connsys_util_get_n9_fw_ver(fw_ver);
     79              connsys_util_get_ncp_patch_ver(patch_ver);
     80          
     81              cli_puts("N9 Image  Ver: ");
     82              cli_puts(fw_ver);
     83              cli_putln();
     84          
     85              cli_puts("HW Patch  Ver: ");
     86              cli_puts(patch_ver);
     87              cli_putln();
     88          
     89              return 0;
     90          }
     91          
     92          
     93          uint8_t board_cli_reboot(uint8_t len, char *param[])
     94          {
     95              cli_puts("Reboot Bye Bye Bye!!!!\n");
     96          
     97              hal_cache_disable();
     98              hal_cache_deinit();
     99              hal_sys_reboot(HAL_SYS_REBOOT_MAGIC, WHOLE_SYSTEM_REBOOT_COMMAND);
    100          
    101              return 0;
    102          }
    103          
    104          
    105          uint8_t board_cli_reg_read(uint8_t len, char *param[])
    106          {
    107              uint32_t reg;
    108              uint32_t val;
    109              uint8_t  type;
    110          
    111              if (len != 1) {
    112                  printf("reg#\n");
    113                  return 0;
    114              }
    115          
    116              reg = toi(param[0], &type);
    117          
    118              if (type == TOI_ERR) {
    119                  printf("reg#\n");
    120              } else {
    121                  val = *((volatile uint32_t *)reg);
    122                  printf("read register 0x%08x (%u) got 0x%08x\n", (unsigned int)reg, (unsigned int)reg, (unsigned int)val);
    123              }
    124          
    125              return 0;
    126          }
    127          
    128          
    129          uint8_t board_cli_reg_write(uint8_t len, char *param[])
    130          {
    131              uint32_t reg;
    132              uint32_t val;
    133              uint8_t  type;
    134          
    135              if (len == 2) {
    136                  reg = toi(param[0], &type);
    137                  if (type == TOI_ERR) {
    138                      printf("reg#\n");
    139                      return 0;
    140                  }
    141                  val = toi(param[1], &type);
    142                  if (type == TOI_ERR) {
    143                      printf("val#\n");
    144                      return 0;
    145                  }
    146          
    147                  *((volatile uint32_t *)reg) = val;
    148                  printf("written register 0x%08x (%u) as 0x%08x\n", (unsigned int)reg, (unsigned int)reg, (unsigned int)val);
    149              }
    150          
    151              return 0;
    152          }
    153          
    154          

   Maximum stack usage in bytes:

   .cstack Function
   ------- --------
       8   board_cli_reboot
         8   -> cli_puts
         8   -> hal_cache_deinit
         8   -> hal_cache_disable
         8   -> hal_sys_reboot
       8   board_cli_reg_read
         8   -> printf
         8   -> toi
      16   board_cli_reg_write
        16   -> printf
        16   -> toi
      72   board_cli_ver
        72   -> cli_putln
        72   -> cli_puts
        72   -> connsys_util_get_n9_fw_ver
        72   -> connsys_util_get_ncp_patch_ver
        72   -> os_memset


   Section sizes:

   Bytes  Function/Label
   -----  --------------
       4  ??DataTable9
      16  ?_0
      24  ?_1
      16  ?_2
      16  ?_3
      24  ?_4
       8  ?_5
      40  ?_6
       8  ?_7
      40  ?_8
      30  board_cli_reboot
      64  board_cli_reg_read
      86  board_cli_reg_write
      98  board_cli_ver

 
 474 bytes in section .text
 
 474 bytes of CODE memory

Errors: none
Warnings: none
