###############################################################################
#
# IAR ANSI C/C++ Compiler V7.80.1.11864/W32 for ARM       25/Jan/2017  17:34:57
# Copyright 1999-2016 IAR Systems AB.
#
#    Cpu mode     =  thumb
#    Endian       =  little
#    Source file  =  
#        C:\LEO\myGit\MTK
#        IOT\SDK_V4.2.0\project\mt7697_hdk\apps\iot_sdk_demo\src\ept_gpio_var.c
#    Command line =  
#        "C:\LEO\myGit\MTK
#        IOT\SDK_V4.2.0\project\mt7697_hdk\apps\iot_sdk_demo\src\ept_gpio_var.c"
#        -D MTK_LOAD_MAC_ADDR_FROM_EFUSE -D MTK_PING_OUT_ENABLE -D
#        MTK_WIFI_PROFILE_ENABLE -D PCFG_OS=2 -D _REENT_SMALL -D
#        MTK_MINISUPP_ENABLE -D MTK_MINICLI_ENABLE -D MTK_BSPEXT_ENABLE -D
#        MTK_HAL_LOWPOWER_ENABLE -D MTK_LWIP_ENABLE -D
#        MTK_HTTPCLIENT_SSL_ENABLE -D MTK_IPERF_ENABLE -D PRODUCT_VERSION=7697
#        -D MTK_WIFI_TGN_VERIFY_ENABLE -D MTK_SMTCN_ENABLE -D
#        MTK_CLI_TEST_MODE_ENABLE -D MTK_WIFI_REPEATER_ENABLE -D
#        CONFIG_REPEATER -D MTK_DEBUG_LEVEL_INFO -D MTK_DEBUG_LEVEL_WARNING -D
#        MTK_DEBUG_LEVEL_ERROR -D configOVERRIDE_DEFAULT_TICK_CONFIGURATION -D
#        CFG_SUPPORT_SMNT_PROTO=2 -D BT_DEBUG -D MTK_BLE_CLI_ENABLE -D
#        MTK_BLE_BQB_CLI_ENABLE -D MTK_HCI_CONSOLE_MIX_ENABLE -D
#        MTK_BLE_BQB_TEST_ENABLE -D MTK_BLE_SMTCN_ENABLE -D SUPPORT_MBEDTLS -D
#        MBEDTLS_CONFIG_FILE=<config-mtk-basic.h> -D MTK_NVDM_ENABLE -D
#        MTK_WIFI_PRIVILEGE_ENABLE -D MTK_MCS_ENABLE -D MTK_BLE_GPIO_SERVICE -D
#        __BT_DEBUG__ -lcN "C:\LEO\myGit\MTK
#        IOT\SDK_V4.2.0\out_iar\mt7697_hdk\iot_sdk_demo\Debug\List" -lA
#        "C:\LEO\myGit\MTK
#        IOT\SDK_V4.2.0\out_iar\mt7697_hdk\iot_sdk_demo\Debug\List"
#        --diag_suppress Pa050,Ta022,Ta023 --diag_error Pe606 -o
#        "C:\LEO\myGit\MTK
#        IOT\SDK_V4.2.0\out_iar\mt7697_hdk\iot_sdk_demo\Debug\Obj" --no_unroll
#        --no_inline --no_tbaa --no_scheduling --debug --endian=little
#        --cpu=Cortex-M4 -e --fpu=VFPv4_sp --dlib_config "C:\Program Files
#        (x86)\IAR Systems\Embedded Workbench 7.5\arm\INC\c\DLib_Config_Full.h"
#        -I "C:\LEO\myGit\MTK
#        IOT\SDK_V4.2.0\project\mt7697_hdk\apps\iot_sdk_demo\EWARM\..\inc\" -I
#        "C:\LEO\myGit\MTK
#        IOT\SDK_V4.2.0\project\mt7697_hdk\apps\iot_sdk_demo\EWARM\..\..\..\..\..\kernel\service\inc\"
#        -I "C:\LEO\myGit\MTK
#        IOT\SDK_V4.2.0\project\mt7697_hdk\apps\iot_sdk_demo\EWARM\..\..\..\..\..\kernel\rtos\FreeRTOS\Source\include\"
#        -I "C:\LEO\myGit\MTK
#        IOT\SDK_V4.2.0\project\mt7697_hdk\apps\iot_sdk_demo\EWARM\..\..\..\..\..\kernel\rtos\FreeRTOS\Source\portable\IAR\ARM_CM4F\"
#        -I "C:\LEO\myGit\MTK
#        IOT\SDK_V4.2.0\project\mt7697_hdk\apps\iot_sdk_demo\EWARM\..\..\..\..\..\kernel\rtos\FreeRTOS\inc\"
#        -I "C:\LEO\myGit\MTK
#        IOT\SDK_V4.2.0\project\mt7697_hdk\apps\iot_sdk_demo\EWARM\..\..\..\..\..\driver\CMSIS\Device\MTK\mt7687\Include\"
#        -I "C:\LEO\myGit\MTK
#        IOT\SDK_V4.2.0\project\mt7697_hdk\apps\iot_sdk_demo\EWARM\..\..\..\..\..\driver\CMSIS\Include\"
#        -I "C:\LEO\myGit\MTK
#        IOT\SDK_V4.2.0\project\mt7697_hdk\apps\iot_sdk_demo\EWARM\..\..\..\..\..\driver\chip\inc\"
#        -I "C:\LEO\myGit\MTK
#        IOT\SDK_V4.2.0\project\mt7697_hdk\apps\iot_sdk_demo\EWARM\..\..\..\..\..\driver\chip\mt7687\inc\"
#        -I "C:\LEO\myGit\MTK
#        IOT\SDK_V4.2.0\project\mt7697_hdk\apps\iot_sdk_demo\EWARM\..\..\..\..\..\driver\board\mt76x7_hdk\wifi\inc\"
#        -I "C:\LEO\myGit\MTK
#        IOT\SDK_V4.2.0\project\mt7697_hdk\apps\iot_sdk_demo\EWARM\..\..\..\..\..\middleware\third_party\dhcpd\inc\"
#        -I "C:\LEO\myGit\MTK
#        IOT\SDK_V4.2.0\project\mt7697_hdk\apps\iot_sdk_demo\EWARM\..\..\..\..\..\middleware\MTK\minicli\inc\"
#        -I "C:\LEO\myGit\MTK
#        IOT\SDK_V4.2.0\project\mt7697_hdk\apps\iot_sdk_demo\EWARM\..\..\..\..\..\middleware\MTK\minisupp\inc\"
#        -I "C:\LEO\myGit\MTK
#        IOT\SDK_V4.2.0\project\mt7697_hdk\apps\iot_sdk_demo\EWARM\..\..\..\..\..\driver\chip\inc\"
#        -I "C:\LEO\myGit\MTK
#        IOT\SDK_V4.2.0\project\mt7697_hdk\apps\iot_sdk_demo\EWARM\..\..\..\..\..\driver\chip\mt7687\src\common\include\"
#        -I "C:\LEO\myGit\MTK
#        IOT\SDK_V4.2.0\project\mt7697_hdk\apps\iot_sdk_demo\EWARM\..\..\..\..\..\middleware\third_party\lwip\src\include\"
#        -I "C:\LEO\myGit\MTK
#        IOT\SDK_V4.2.0\project\mt7697_hdk\apps\iot_sdk_demo\EWARM\..\..\..\..\..\middleware\third_party\lwip\ports\include\"
#        -I "C:\LEO\myGit\MTK
#        IOT\SDK_V4.2.0\project\mt7697_hdk\apps\iot_sdk_demo\EWARM\..\..\..\..\..\middleware\third_party\lwip\src\include\lwip\"
#        -I "C:\LEO\myGit\MTK
#        IOT\SDK_V4.2.0\project\mt7697_hdk\apps\iot_sdk_demo\EWARM\..\..\..\..\..\project\common\bsp_ex\inc\"
#        -I "C:\LEO\myGit\MTK
#        IOT\SDK_V4.2.0\project\mt7697_hdk\apps\iot_sdk_demo\EWARM\..\..\..\..\..\middleware\MTK\nvdm\inc\"
#        -I "C:\LEO\myGit\MTK
#        IOT\SDK_V4.2.0\project\mt7697_hdk\apps\iot_sdk_demo\EWARM\..\..\..\..\..\middleware\third_party\ping\inc\"
#        -I "C:\LEO\myGit\MTK
#        IOT\SDK_V4.2.0\project\mt7697_hdk\apps\iot_sdk_demo\EWARM\..\..\..\..\..\middleware\MTK\smtcn\inc\"
#        -I "C:\LEO\myGit\MTK
#        IOT\SDK_V4.2.0\project\mt7697_hdk\apps\iot_sdk_demo\EWARM\..\..\..\..\..\middleware\MTK\iperf\inc\"
#        -I "C:\LEO\myGit\MTK
#        IOT\SDK_V4.2.0\project\mt7697_hdk\apps\iot_sdk_demo\EWARM\..\..\..\..\..\project\mt7697_hdk\apps\iot_sdk_demo\inc\"
#        -I "C:\LEO\myGit\MTK
#        IOT\SDK_V4.2.0\project\mt7697_hdk\apps\iot_sdk_demo\EWARM\..\..\..\..\..\driver\chip\mt7687\inc\"
#        -I "C:\LEO\myGit\MTK
#        IOT\SDK_V4.2.0\project\mt7697_hdk\apps\iot_sdk_demo\EWARM\..\..\..\..\..\driver\board\mt76x7_hdk\util\inc\"
#        -I "C:\LEO\myGit\MTK
#        IOT\SDK_V4.2.0\project\mt7697_hdk\apps\iot_sdk_demo\EWARM\..\..\..\..\..\driver\board\mt76x7_hdk\wifi\inc\"
#        -I "C:\LEO\myGit\MTK
#        IOT\SDK_V4.2.0\project\mt7697_hdk\apps\iot_sdk_demo\EWARM\..\..\..\..\..\middleware\MTK\bluetooth\inc\"
#        -I "C:\LEO\myGit\MTK
#        IOT\SDK_V4.2.0\project\mt7697_hdk\apps\iot_sdk_demo\EWARM\..\..\..\..\..\project\mt7697_hdk\apps\iot_sdk_demo\src\ut_app\"
#        -I "C:\LEO\myGit\MTK
#        IOT\SDK_V4.2.0\project\mt7697_hdk\apps\iot_sdk_demo\EWARM\..\..\..\..\..\driver\board\mt76x7_hdk\ept\inc\"
#        -I "C:\LEO\myGit\MTK
#        IOT\SDK_V4.2.0\project\mt7697_hdk\apps\iot_sdk_demo\EWARM\..\..\..\..\..\middleware\third_party\mbedtls\include\"
#        -I "C:\LEO\myGit\MTK
#        IOT\SDK_V4.2.0\project\mt7697_hdk\apps\iot_sdk_demo\EWARM\..\..\..\..\..\middleware\third_party\mbedtls\configs\"
#        -I "C:\LEO\myGit\MTK
#        IOT\SDK_V4.2.0\project\mt7697_hdk\apps\iot_sdk_demo\EWARM\..\..\..\..\..\driver\board\mt76x7_hdk\external_flash\inc\"
#        -I "C:\LEO\myGit\MTK
#        IOT\SDK_V4.2.0\project\mt7697_hdk\apps\iot_sdk_demo\EWARM\..\..\..\..\..\middleware\third_party\httpclient\inc\"
#        -Om -I "C:\Program Files (x86)\IAR Systems\Embedded Workbench
#        7.5\arm\CMSIS\Include\"
#    Locale       =  Chinese (Simplified)_CHN.936
#    List file    =  
#        C:\LEO\myGit\MTK
#        IOT\SDK_V4.2.0\out_iar\mt7697_hdk\iot_sdk_demo\Debug\List\ept_gpio_var.lst
#    Object file  =  
#        C:\LEO\myGit\MTK
#        IOT\SDK_V4.2.0\out_iar\mt7697_hdk\iot_sdk_demo\Debug\Obj\ept_gpio_var.o
#
###############################################################################

C:\LEO\myGit\MTK IOT\SDK_V4.2.0\project\mt7697_hdk\apps\iot_sdk_demo\src\ept_gpio_var.c
      1          /*
      2           * Generated by MTK Easy PinMux Tool Version 1.0.7 for 7687. Copyright MediaTek Inc. (C) 2015.
      3           * Thu Oct 27 14:22:18 2016
      4           * Do Not Modify the File.
      5           */
      6          
      7          /*****************************************************************************
      8          *
      9          * Filename:
     10          * ---------
     11          *    ***.*
     12          *
     13          * Project:
     14          * --------
     15          *
     16          * Description:
     17          * ------------
     18          *
     19          * Author:
     20          * -------
     21          *
     22          *============================================================================
     23          ****************************************************************************/
     24          
     25          
     26          
     27          /*Output for default variable names*/
     28          /*@XXX_XX_PIN in gpio.cmp          */
     29          
     30          const char HAL_KEYPAD_COL2_PIN = 0xff;
     31          const char HAL_KEYPAD_COL1_PIN = 0xff;
     32          const char HAL_KEYPAD_COL0_PIN = 0xff;
     33          const char HAL_KEYPAD_ROW2_PIN = 0xff;
     34          const char HAL_KEYPAD_ROW1_PIN = 0xff;
     35          const char HAL_KEYPAD_ROW0_PIN = 0xff;
     36          const char BSP_CTP_SCL_PIN = 0xff;
     37          const char BSP_CTP_SDA_PIN = 0xff;
     38          const char BSP_CTP_RST_PIN = 0xff;
     39          const char BSP_CTP_EINT_PIN = 0xff;
     40          const char BSP_SPEAKER_EBABLE_PIN = 0xff;
     41          const char BSP_AUXADC_ENABLE_PIN = 0xff;
     42          const char BSP_GNSS_POWER_PIN = 0xff;
     43          const char BSP_BIO_SENSOR_PPG_VDRV_EN = 0xff;
     44          const char BSP_BIO_SENSOR_32K = 0xff;
     45          const char BSP_BIO_SENSOR_RST_PORT_PIN = 0xff;
     46          const char BSP_BIO_SENSOR_AFE_PWD_PIN = 0xff;
     47          const char BSP_WIFI_32K_PIN = 0xff;
     48          const char BSP_WIFI_26M_PIN = 0xff;
     49          const char BSP_WIFI_RESET_PIN = 0xff;
     50          const char BSP_WIFI_ENABLE_PIN = 0xff;
     51          const char UPDATE_HOST_STATUS_PIN = 0xff;
     52          const char QUERY_MODEM_STATUS_PIN = 0xff;
     53          const char NOTIFY_MODEM_EXCEPTION_PIN = 0xff;
     54          const char TRIGGER_MODEM_RESET_PIN = 0xff;
     55          const char NOTIFY_MODEM_WAKEUP_PIN = 0xff;
     56          const char TRIGGER_MODEM_START_PIN = 0xff;
     57          const char TRIGGER_MODEM_WAKEUP_PIN = 0xff;
     58          
     59          
     60          
     61          


   Section sizes:

   Bytes  Function/Label
   -----  --------------
       1  BSP_AUXADC_ENABLE_PIN
       1  BSP_BIO_SENSOR_32K
       1  BSP_BIO_SENSOR_AFE_PWD_PIN
       1  BSP_BIO_SENSOR_PPG_VDRV_EN
       1  BSP_BIO_SENSOR_RST_PORT_PIN
       1  BSP_CTP_EINT_PIN
       1  BSP_CTP_RST_PIN
       1  BSP_CTP_SCL_PIN
       1  BSP_CTP_SDA_PIN
       1  BSP_GNSS_POWER_PIN
       1  BSP_SPEAKER_EBABLE_PIN
       1  BSP_WIFI_26M_PIN
       1  BSP_WIFI_32K_PIN
       1  BSP_WIFI_ENABLE_PIN
       1  BSP_WIFI_RESET_PIN
       1  HAL_KEYPAD_COL0_PIN
       1  HAL_KEYPAD_COL1_PIN
       1  HAL_KEYPAD_COL2_PIN
       1  HAL_KEYPAD_ROW0_PIN
       1  HAL_KEYPAD_ROW1_PIN
       1  HAL_KEYPAD_ROW2_PIN
       1  NOTIFY_MODEM_EXCEPTION_PIN
       1  NOTIFY_MODEM_WAKEUP_PIN
       1  QUERY_MODEM_STATUS_PIN
       1  TRIGGER_MODEM_RESET_PIN
       1  TRIGGER_MODEM_START_PIN
       1  TRIGGER_MODEM_WAKEUP_PIN
       1  UPDATE_HOST_STATUS_PIN

 
 28 bytes in section .rodata
 
 28 bytes of CONST memory

Errors: none
Warnings: none
