###############################################################################
#
# IAR ANSI C/C++ Compiler V7.80.1.11864/W32 for ARM       25/Jan/2017  17:35:21
# Copyright 1999-2016 IAR Systems AB.
#
#    Cpu mode     =  thumb
#    Endian       =  little
#    Source file  =  
#        C:\LEO\myGit\MTK IOT\SDK_V4.2.0\driver\chip\mt7687\src\common\nvic.c
#    Command line =  
#        "C:\LEO\myGit\MTK IOT\SDK_V4.2.0\driver\chip\mt7687\src\common\nvic.c"
#        -D MTK_LOAD_MAC_ADDR_FROM_EFUSE -D MTK_PING_OUT_ENABLE -D
#        MTK_WIFI_PROFILE_ENABLE -D PCFG_OS=2 -D _REENT_SMALL -D
#        MTK_MINISUPP_ENABLE -D MTK_MINICLI_ENABLE -D MTK_BSPEXT_ENABLE -D
#        MTK_HAL_LOWPOWER_ENABLE -D MTK_LWIP_ENABLE -D
#        MTK_HTTPCLIENT_SSL_ENABLE -D MTK_IPERF_ENABLE -D PRODUCT_VERSION=7697
#        -D MTK_WIFI_TGN_VERIFY_ENABLE -D MTK_SMTCN_ENABLE -D
#        MTK_CLI_TEST_MODE_ENABLE -D MTK_WIFI_REPEATER_ENABLE -D
#        CONFIG_REPEATER -D MTK_DEBUG_LEVEL_INFO -D MTK_DEBUG_LEVEL_WARNING -D
#        MTK_DEBUG_LEVEL_ERROR -D configOVERRIDE_DEFAULT_TICK_CONFIGURATION -D
#        CFG_SUPPORT_SMNT_PROTO=2 -D BT_DEBUG -D MTK_BLE_CLI_ENABLE -D
#        MTK_BLE_BQB_CLI_ENABLE -D MTK_HCI_CONSOLE_MIX_ENABLE -D
#        MTK_BLE_BQB_TEST_ENABLE -D MTK_BLE_SMTCN_ENABLE -D SUPPORT_MBEDTLS -D
#        MBEDTLS_CONFIG_FILE=<config-mtk-basic.h> -D MTK_NVDM_ENABLE -D
#        MTK_WIFI_PRIVILEGE_ENABLE -D MTK_MCS_ENABLE -D MTK_BLE_GPIO_SERVICE -D
#        __BT_DEBUG__ -lcN "C:\LEO\myGit\MTK
#        IOT\SDK_V4.2.0\out_iar\mt7697_hdk\iot_sdk_demo\Debug\List" -lA
#        "C:\LEO\myGit\MTK
#        IOT\SDK_V4.2.0\out_iar\mt7697_hdk\iot_sdk_demo\Debug\List"
#        --diag_suppress Pa050,Ta022,Ta023 --diag_error Pe606 -o
#        "C:\LEO\myGit\MTK
#        IOT\SDK_V4.2.0\out_iar\mt7697_hdk\iot_sdk_demo\Debug\Obj" --no_unroll
#        --no_inline --no_tbaa --no_scheduling --debug --endian=little
#        --cpu=Cortex-M4 -e --fpu=VFPv4_sp --dlib_config "C:\Program Files
#        (x86)\IAR Systems\Embedded Workbench 7.5\arm\INC\c\DLib_Config_Full.h"
#        -I "C:\LEO\myGit\MTK
#        IOT\SDK_V4.2.0\project\mt7697_hdk\apps\iot_sdk_demo\EWARM\..\inc\" -I
#        "C:\LEO\myGit\MTK
#        IOT\SDK_V4.2.0\project\mt7697_hdk\apps\iot_sdk_demo\EWARM\..\..\..\..\..\kernel\service\inc\"
#        -I "C:\LEO\myGit\MTK
#        IOT\SDK_V4.2.0\project\mt7697_hdk\apps\iot_sdk_demo\EWARM\..\..\..\..\..\kernel\rtos\FreeRTOS\Source\include\"
#        -I "C:\LEO\myGit\MTK
#        IOT\SDK_V4.2.0\project\mt7697_hdk\apps\iot_sdk_demo\EWARM\..\..\..\..\..\kernel\rtos\FreeRTOS\Source\portable\IAR\ARM_CM4F\"
#        -I "C:\LEO\myGit\MTK
#        IOT\SDK_V4.2.0\project\mt7697_hdk\apps\iot_sdk_demo\EWARM\..\..\..\..\..\kernel\rtos\FreeRTOS\inc\"
#        -I "C:\LEO\myGit\MTK
#        IOT\SDK_V4.2.0\project\mt7697_hdk\apps\iot_sdk_demo\EWARM\..\..\..\..\..\driver\CMSIS\Device\MTK\mt7687\Include\"
#        -I "C:\LEO\myGit\MTK
#        IOT\SDK_V4.2.0\project\mt7697_hdk\apps\iot_sdk_demo\EWARM\..\..\..\..\..\driver\CMSIS\Include\"
#        -I "C:\LEO\myGit\MTK
#        IOT\SDK_V4.2.0\project\mt7697_hdk\apps\iot_sdk_demo\EWARM\..\..\..\..\..\driver\chip\inc\"
#        -I "C:\LEO\myGit\MTK
#        IOT\SDK_V4.2.0\project\mt7697_hdk\apps\iot_sdk_demo\EWARM\..\..\..\..\..\driver\chip\mt7687\inc\"
#        -I "C:\LEO\myGit\MTK
#        IOT\SDK_V4.2.0\project\mt7697_hdk\apps\iot_sdk_demo\EWARM\..\..\..\..\..\driver\board\mt76x7_hdk\wifi\inc\"
#        -I "C:\LEO\myGit\MTK
#        IOT\SDK_V4.2.0\project\mt7697_hdk\apps\iot_sdk_demo\EWARM\..\..\..\..\..\middleware\third_party\dhcpd\inc\"
#        -I "C:\LEO\myGit\MTK
#        IOT\SDK_V4.2.0\project\mt7697_hdk\apps\iot_sdk_demo\EWARM\..\..\..\..\..\middleware\MTK\minicli\inc\"
#        -I "C:\LEO\myGit\MTK
#        IOT\SDK_V4.2.0\project\mt7697_hdk\apps\iot_sdk_demo\EWARM\..\..\..\..\..\middleware\MTK\minisupp\inc\"
#        -I "C:\LEO\myGit\MTK
#        IOT\SDK_V4.2.0\project\mt7697_hdk\apps\iot_sdk_demo\EWARM\..\..\..\..\..\driver\chip\inc\"
#        -I "C:\LEO\myGit\MTK
#        IOT\SDK_V4.2.0\project\mt7697_hdk\apps\iot_sdk_demo\EWARM\..\..\..\..\..\driver\chip\mt7687\src\common\include\"
#        -I "C:\LEO\myGit\MTK
#        IOT\SDK_V4.2.0\project\mt7697_hdk\apps\iot_sdk_demo\EWARM\..\..\..\..\..\middleware\third_party\lwip\src\include\"
#        -I "C:\LEO\myGit\MTK
#        IOT\SDK_V4.2.0\project\mt7697_hdk\apps\iot_sdk_demo\EWARM\..\..\..\..\..\middleware\third_party\lwip\ports\include\"
#        -I "C:\LEO\myGit\MTK
#        IOT\SDK_V4.2.0\project\mt7697_hdk\apps\iot_sdk_demo\EWARM\..\..\..\..\..\middleware\third_party\lwip\src\include\lwip\"
#        -I "C:\LEO\myGit\MTK
#        IOT\SDK_V4.2.0\project\mt7697_hdk\apps\iot_sdk_demo\EWARM\..\..\..\..\..\project\common\bsp_ex\inc\"
#        -I "C:\LEO\myGit\MTK
#        IOT\SDK_V4.2.0\project\mt7697_hdk\apps\iot_sdk_demo\EWARM\..\..\..\..\..\middleware\MTK\nvdm\inc\"
#        -I "C:\LEO\myGit\MTK
#        IOT\SDK_V4.2.0\project\mt7697_hdk\apps\iot_sdk_demo\EWARM\..\..\..\..\..\middleware\third_party\ping\inc\"
#        -I "C:\LEO\myGit\MTK
#        IOT\SDK_V4.2.0\project\mt7697_hdk\apps\iot_sdk_demo\EWARM\..\..\..\..\..\middleware\MTK\smtcn\inc\"
#        -I "C:\LEO\myGit\MTK
#        IOT\SDK_V4.2.0\project\mt7697_hdk\apps\iot_sdk_demo\EWARM\..\..\..\..\..\middleware\MTK\iperf\inc\"
#        -I "C:\LEO\myGit\MTK
#        IOT\SDK_V4.2.0\project\mt7697_hdk\apps\iot_sdk_demo\EWARM\..\..\..\..\..\project\mt7697_hdk\apps\iot_sdk_demo\inc\"
#        -I "C:\LEO\myGit\MTK
#        IOT\SDK_V4.2.0\project\mt7697_hdk\apps\iot_sdk_demo\EWARM\..\..\..\..\..\driver\chip\mt7687\inc\"
#        -I "C:\LEO\myGit\MTK
#        IOT\SDK_V4.2.0\project\mt7697_hdk\apps\iot_sdk_demo\EWARM\..\..\..\..\..\driver\board\mt76x7_hdk\util\inc\"
#        -I "C:\LEO\myGit\MTK
#        IOT\SDK_V4.2.0\project\mt7697_hdk\apps\iot_sdk_demo\EWARM\..\..\..\..\..\driver\board\mt76x7_hdk\wifi\inc\"
#        -I "C:\LEO\myGit\MTK
#        IOT\SDK_V4.2.0\project\mt7697_hdk\apps\iot_sdk_demo\EWARM\..\..\..\..\..\middleware\MTK\bluetooth\inc\"
#        -I "C:\LEO\myGit\MTK
#        IOT\SDK_V4.2.0\project\mt7697_hdk\apps\iot_sdk_demo\EWARM\..\..\..\..\..\project\mt7697_hdk\apps\iot_sdk_demo\src\ut_app\"
#        -I "C:\LEO\myGit\MTK
#        IOT\SDK_V4.2.0\project\mt7697_hdk\apps\iot_sdk_demo\EWARM\..\..\..\..\..\driver\board\mt76x7_hdk\ept\inc\"
#        -I "C:\LEO\myGit\MTK
#        IOT\SDK_V4.2.0\project\mt7697_hdk\apps\iot_sdk_demo\EWARM\..\..\..\..\..\middleware\third_party\mbedtls\include\"
#        -I "C:\LEO\myGit\MTK
#        IOT\SDK_V4.2.0\project\mt7697_hdk\apps\iot_sdk_demo\EWARM\..\..\..\..\..\middleware\third_party\mbedtls\configs\"
#        -I "C:\LEO\myGit\MTK
#        IOT\SDK_V4.2.0\project\mt7697_hdk\apps\iot_sdk_demo\EWARM\..\..\..\..\..\driver\board\mt76x7_hdk\external_flash\inc\"
#        -I "C:\LEO\myGit\MTK
#        IOT\SDK_V4.2.0\project\mt7697_hdk\apps\iot_sdk_demo\EWARM\..\..\..\..\..\middleware\third_party\httpclient\inc\"
#        -Om -I "C:\Program Files (x86)\IAR Systems\Embedded Workbench
#        7.5\arm\CMSIS\Include\"
#    Locale       =  Chinese (Simplified)_CHN.936
#    List file    =  
#        C:\LEO\myGit\MTK
#        IOT\SDK_V4.2.0\out_iar\mt7697_hdk\iot_sdk_demo\Debug\List\nvic.lst
#    Object file  =  
#        C:\LEO\myGit\MTK
#        IOT\SDK_V4.2.0\out_iar\mt7697_hdk\iot_sdk_demo\Debug\Obj\nvic.o
#
###############################################################################

C:\LEO\myGit\MTK IOT\SDK_V4.2.0\driver\chip\mt7687\src\common\nvic.c
      1          /* Copyright Statement:
      2           *
      3           * (C) 2005-2016  MediaTek Inc. All rights reserved.
      4           *
      5           * This software/firmware and related documentation ("MediaTek Software") are
      6           * protected under relevant copyright laws. The information contained herein
      7           * is confidential and proprietary to MediaTek Inc. ("MediaTek") and/or its licensors.
      8           * Without the prior written permission of MediaTek and/or its licensors,
      9           * any reproduction, modification, use or disclosure of MediaTek Software,
     10           * and information contained herein, in whole or in part, shall be strictly prohibited.
     11           * You may only use, reproduce, modify, or distribute (as applicable) MediaTek Software
     12           * if you have agreed to and been bound by the applicable license agreement with
     13           * MediaTek ("License Agreement") and been granted explicit permission to do so within
     14           * the License Agreement ("Permitted User").  If you are not a Permitted User,
     15           * please cease any access or use of MediaTek Software immediately.
     16           * BY OPENING THIS FILE, RECEIVER HEREBY UNEQUIVOCALLY ACKNOWLEDGES AND AGREES
     17           * THAT MEDIATEK SOFTWARE RECEIVED FROM MEDIATEK AND/OR ITS REPRESENTATIVES
     18           * ARE PROVIDED TO RECEIVER ON AN "AS-IS" BASIS ONLY. MEDIATEK EXPRESSLY DISCLAIMS ANY AND ALL
     19           * WARRANTIES, EXPRESS OR IMPLIED, INCLUDING BUT NOT LIMITED TO THE IMPLIED WARRANTIES OF
     20           * MERCHANTABILITY, FITNESS FOR A PARTICULAR PURPOSE OR NONINFRINGEMENT.
     21           * NEITHER DOES MEDIATEK PROVIDE ANY WARRANTY WHATSOEVER WITH RESPECT TO THE
     22           * SOFTWARE OF ANY THIRD PARTY WHICH MAY BE USED BY, INCORPORATED IN, OR
     23           * SUPPLIED WITH MEDIATEK SOFTWARE, AND RECEIVER AGREES TO LOOK ONLY TO SUCH
     24           * THIRD PARTY FOR ANY WARRANTY CLAIM RELATING THERETO. RECEIVER EXPRESSLY ACKNOWLEDGES
     25           * THAT IT IS RECEIVER'S SOLE RESPONSIBILITY TO OBTAIN FROM ANY THIRD PARTY ALL PROPER LICENSES
     26           * CONTAINED IN MEDIATEK SOFTWARE. MEDIATEK SHALL ALSO NOT BE RESPONSIBLE FOR ANY MEDIATEK
     27           * SOFTWARE RELEASES MADE TO RECEIVER'S SPECIFICATION OR TO CONFORM TO A PARTICULAR
     28           * STANDARD OR OPEN FORUM. RECEIVER'S SOLE AND EXCLUSIVE REMEDY AND MEDIATEK'S ENTIRE AND
     29           * CUMULATIVE LIABILITY WITH RESPECT TO MEDIATEK SOFTWARE RELEASED HEREUNDER WILL BE,
     30           * AT MEDIATEK'S OPTION, TO REVISE OR REPLACE MEDIATEK SOFTWARE AT ISSUE,
     31           * OR REFUND ANY SOFTWARE LICENSE FEES OR SERVICE CHARGE PAID BY RECEIVER TO
     32           * MEDIATEK FOR SUCH MEDIATEK SOFTWARE AT ISSUE.
     33           */
     34          
     35          #include "hal_nvic.h"
     36          
     37          #ifdef HAL_NVIC_MODULE_ENABLED
     38          
     39          #include <stdint.h>
     40          #include "nvic.h"
     41          #include "mem_util.h"
     42          #include "timer.h"
     43          #include "nvic_extern.h"
     44          #include "memory_attribute.h"
     45          
     46          
     47          void NVIC_SetupVectorTable(uint32_t addr)
     48          {
     49              SCB->VTOR = addr;
     50          
     51              __asm volatile("dsb");
     52              __asm volatile("isb");
     53          }
     54          
     55          
     56          void NVIC_SWInt(unsigned int source)
     57          {
     58              NVIC->STIR = source;
     59          }
     60          
     61          ATTR_TEXT_IN_TCM uint32_t save_and_set_interrupt_mask(void)
     62          {
     63              uint32_t mask;
     64              local_irq_save(mask);
     65              return mask;
     66          }
     67          
     68          ATTR_TEXT_IN_TCM void restore_interrupt_mask(uint32_t mask)
     69          {
     70              local_irq_restore(mask);
     71          }
     72          #endif
     73          

   Maximum stack usage in bytes:

   .cstack Function
   ------- --------
       0   NVIC_SWInt
       0   NVIC_SetupVectorTable
       0   restore_interrupt_mask
       0   save_and_set_interrupt_mask


   Section sizes:

   Bytes  Function/Label
   -----  --------------
       4  ??DataTable1
       4  ??DataTable1_1
       6  NVIC_SWInt
      14  NVIC_SetupVectorTable
       6  restore_interrupt_mask
       8  save_and_set_interrupt_mask

 
 14 bytes in section .ramTEXT
 28 bytes in section .text
 
 42 bytes of CODE memory

Errors: none
Warnings: none
