###############################################################################
#
# IAR ANSI C/C++ Compiler V7.80.1.11864/W32 for ARM       25/Jan/2017  17:35:23
# Copyright 1999-2016 IAR Systems AB.
#
#    Cpu mode     =  thumb
#    Endian       =  little
#    Source file  =  
#        C:\LEO\myGit\MTK
#        IOT\SDK_V4.2.0\middleware\third_party\ping\src\ping_cli.c
#    Command line =  
#        "C:\LEO\myGit\MTK
#        IOT\SDK_V4.2.0\middleware\third_party\ping\src\ping_cli.c" -D
#        MTK_LOAD_MAC_ADDR_FROM_EFUSE -D MTK_PING_OUT_ENABLE -D
#        MTK_WIFI_PROFILE_ENABLE -D PCFG_OS=2 -D _REENT_SMALL -D
#        MTK_MINISUPP_ENABLE -D MTK_MINICLI_ENABLE -D MTK_BSPEXT_ENABLE -D
#        MTK_HAL_LOWPOWER_ENABLE -D MTK_LWIP_ENABLE -D
#        MTK_HTTPCLIENT_SSL_ENABLE -D MTK_IPERF_ENABLE -D PRODUCT_VERSION=7697
#        -D MTK_WIFI_TGN_VERIFY_ENABLE -D MTK_SMTCN_ENABLE -D
#        MTK_CLI_TEST_MODE_ENABLE -D MTK_WIFI_REPEATER_ENABLE -D
#        CONFIG_REPEATER -D MTK_DEBUG_LEVEL_INFO -D MTK_DEBUG_LEVEL_WARNING -D
#        MTK_DEBUG_LEVEL_ERROR -D configOVERRIDE_DEFAULT_TICK_CONFIGURATION -D
#        CFG_SUPPORT_SMNT_PROTO=2 -D BT_DEBUG -D MTK_BLE_CLI_ENABLE -D
#        MTK_BLE_BQB_CLI_ENABLE -D MTK_HCI_CONSOLE_MIX_ENABLE -D
#        MTK_BLE_BQB_TEST_ENABLE -D MTK_BLE_SMTCN_ENABLE -D SUPPORT_MBEDTLS -D
#        MBEDTLS_CONFIG_FILE=<config-mtk-basic.h> -D MTK_NVDM_ENABLE -D
#        MTK_WIFI_PRIVILEGE_ENABLE -D MTK_MCS_ENABLE -D MTK_BLE_GPIO_SERVICE -D
#        __BT_DEBUG__ -lcN "C:\LEO\myGit\MTK
#        IOT\SDK_V4.2.0\out_iar\mt7697_hdk\iot_sdk_demo\Debug\List" -lA
#        "C:\LEO\myGit\MTK
#        IOT\SDK_V4.2.0\out_iar\mt7697_hdk\iot_sdk_demo\Debug\List"
#        --diag_suppress Pa050,Ta022,Ta023 --diag_error Pe606 -o
#        "C:\LEO\myGit\MTK
#        IOT\SDK_V4.2.0\out_iar\mt7697_hdk\iot_sdk_demo\Debug\Obj" --no_unroll
#        --no_inline --no_tbaa --no_scheduling --debug --endian=little
#        --cpu=Cortex-M4 -e --fpu=VFPv4_sp --dlib_config "C:\Program Files
#        (x86)\IAR Systems\Embedded Workbench 7.5\arm\INC\c\DLib_Config_Full.h"
#        -I "C:\LEO\myGit\MTK
#        IOT\SDK_V4.2.0\project\mt7697_hdk\apps\iot_sdk_demo\EWARM\..\inc\" -I
#        "C:\LEO\myGit\MTK
#        IOT\SDK_V4.2.0\project\mt7697_hdk\apps\iot_sdk_demo\EWARM\..\..\..\..\..\kernel\service\inc\"
#        -I "C:\LEO\myGit\MTK
#        IOT\SDK_V4.2.0\project\mt7697_hdk\apps\iot_sdk_demo\EWARM\..\..\..\..\..\kernel\rtos\FreeRTOS\Source\include\"
#        -I "C:\LEO\myGit\MTK
#        IOT\SDK_V4.2.0\project\mt7697_hdk\apps\iot_sdk_demo\EWARM\..\..\..\..\..\kernel\rtos\FreeRTOS\Source\portable\IAR\ARM_CM4F\"
#        -I "C:\LEO\myGit\MTK
#        IOT\SDK_V4.2.0\project\mt7697_hdk\apps\iot_sdk_demo\EWARM\..\..\..\..\..\kernel\rtos\FreeRTOS\inc\"
#        -I "C:\LEO\myGit\MTK
#        IOT\SDK_V4.2.0\project\mt7697_hdk\apps\iot_sdk_demo\EWARM\..\..\..\..\..\driver\CMSIS\Device\MTK\mt7687\Include\"
#        -I "C:\LEO\myGit\MTK
#        IOT\SDK_V4.2.0\project\mt7697_hdk\apps\iot_sdk_demo\EWARM\..\..\..\..\..\driver\CMSIS\Include\"
#        -I "C:\LEO\myGit\MTK
#        IOT\SDK_V4.2.0\project\mt7697_hdk\apps\iot_sdk_demo\EWARM\..\..\..\..\..\driver\chip\inc\"
#        -I "C:\LEO\myGit\MTK
#        IOT\SDK_V4.2.0\project\mt7697_hdk\apps\iot_sdk_demo\EWARM\..\..\..\..\..\driver\chip\mt7687\inc\"
#        -I "C:\LEO\myGit\MTK
#        IOT\SDK_V4.2.0\project\mt7697_hdk\apps\iot_sdk_demo\EWARM\..\..\..\..\..\driver\board\mt76x7_hdk\wifi\inc\"
#        -I "C:\LEO\myGit\MTK
#        IOT\SDK_V4.2.0\project\mt7697_hdk\apps\iot_sdk_demo\EWARM\..\..\..\..\..\middleware\third_party\dhcpd\inc\"
#        -I "C:\LEO\myGit\MTK
#        IOT\SDK_V4.2.0\project\mt7697_hdk\apps\iot_sdk_demo\EWARM\..\..\..\..\..\middleware\MTK\minicli\inc\"
#        -I "C:\LEO\myGit\MTK
#        IOT\SDK_V4.2.0\project\mt7697_hdk\apps\iot_sdk_demo\EWARM\..\..\..\..\..\middleware\MTK\minisupp\inc\"
#        -I "C:\LEO\myGit\MTK
#        IOT\SDK_V4.2.0\project\mt7697_hdk\apps\iot_sdk_demo\EWARM\..\..\..\..\..\driver\chip\inc\"
#        -I "C:\LEO\myGit\MTK
#        IOT\SDK_V4.2.0\project\mt7697_hdk\apps\iot_sdk_demo\EWARM\..\..\..\..\..\driver\chip\mt7687\src\common\include\"
#        -I "C:\LEO\myGit\MTK
#        IOT\SDK_V4.2.0\project\mt7697_hdk\apps\iot_sdk_demo\EWARM\..\..\..\..\..\middleware\third_party\lwip\src\include\"
#        -I "C:\LEO\myGit\MTK
#        IOT\SDK_V4.2.0\project\mt7697_hdk\apps\iot_sdk_demo\EWARM\..\..\..\..\..\middleware\third_party\lwip\ports\include\"
#        -I "C:\LEO\myGit\MTK
#        IOT\SDK_V4.2.0\project\mt7697_hdk\apps\iot_sdk_demo\EWARM\..\..\..\..\..\middleware\third_party\lwip\src\include\lwip\"
#        -I "C:\LEO\myGit\MTK
#        IOT\SDK_V4.2.0\project\mt7697_hdk\apps\iot_sdk_demo\EWARM\..\..\..\..\..\project\common\bsp_ex\inc\"
#        -I "C:\LEO\myGit\MTK
#        IOT\SDK_V4.2.0\project\mt7697_hdk\apps\iot_sdk_demo\EWARM\..\..\..\..\..\middleware\MTK\nvdm\inc\"
#        -I "C:\LEO\myGit\MTK
#        IOT\SDK_V4.2.0\project\mt7697_hdk\apps\iot_sdk_demo\EWARM\..\..\..\..\..\middleware\third_party\ping\inc\"
#        -I "C:\LEO\myGit\MTK
#        IOT\SDK_V4.2.0\project\mt7697_hdk\apps\iot_sdk_demo\EWARM\..\..\..\..\..\middleware\MTK\smtcn\inc\"
#        -I "C:\LEO\myGit\MTK
#        IOT\SDK_V4.2.0\project\mt7697_hdk\apps\iot_sdk_demo\EWARM\..\..\..\..\..\middleware\MTK\iperf\inc\"
#        -I "C:\LEO\myGit\MTK
#        IOT\SDK_V4.2.0\project\mt7697_hdk\apps\iot_sdk_demo\EWARM\..\..\..\..\..\project\mt7697_hdk\apps\iot_sdk_demo\inc\"
#        -I "C:\LEO\myGit\MTK
#        IOT\SDK_V4.2.0\project\mt7697_hdk\apps\iot_sdk_demo\EWARM\..\..\..\..\..\driver\chip\mt7687\inc\"
#        -I "C:\LEO\myGit\MTK
#        IOT\SDK_V4.2.0\project\mt7697_hdk\apps\iot_sdk_demo\EWARM\..\..\..\..\..\driver\board\mt76x7_hdk\util\inc\"
#        -I "C:\LEO\myGit\MTK
#        IOT\SDK_V4.2.0\project\mt7697_hdk\apps\iot_sdk_demo\EWARM\..\..\..\..\..\driver\board\mt76x7_hdk\wifi\inc\"
#        -I "C:\LEO\myGit\MTK
#        IOT\SDK_V4.2.0\project\mt7697_hdk\apps\iot_sdk_demo\EWARM\..\..\..\..\..\middleware\MTK\bluetooth\inc\"
#        -I "C:\LEO\myGit\MTK
#        IOT\SDK_V4.2.0\project\mt7697_hdk\apps\iot_sdk_demo\EWARM\..\..\..\..\..\project\mt7697_hdk\apps\iot_sdk_demo\src\ut_app\"
#        -I "C:\LEO\myGit\MTK
#        IOT\SDK_V4.2.0\project\mt7697_hdk\apps\iot_sdk_demo\EWARM\..\..\..\..\..\driver\board\mt76x7_hdk\ept\inc\"
#        -I "C:\LEO\myGit\MTK
#        IOT\SDK_V4.2.0\project\mt7697_hdk\apps\iot_sdk_demo\EWARM\..\..\..\..\..\middleware\third_party\mbedtls\include\"
#        -I "C:\LEO\myGit\MTK
#        IOT\SDK_V4.2.0\project\mt7697_hdk\apps\iot_sdk_demo\EWARM\..\..\..\..\..\middleware\third_party\mbedtls\configs\"
#        -I "C:\LEO\myGit\MTK
#        IOT\SDK_V4.2.0\project\mt7697_hdk\apps\iot_sdk_demo\EWARM\..\..\..\..\..\driver\board\mt76x7_hdk\external_flash\inc\"
#        -I "C:\LEO\myGit\MTK
#        IOT\SDK_V4.2.0\project\mt7697_hdk\apps\iot_sdk_demo\EWARM\..\..\..\..\..\middleware\third_party\httpclient\inc\"
#        -Om -I "C:\Program Files (x86)\IAR Systems\Embedded Workbench
#        7.5\arm\CMSIS\Include\"
#    Locale       =  Chinese (Simplified)_CHN.936
#    List file    =  
#        C:\LEO\myGit\MTK
#        IOT\SDK_V4.2.0\out_iar\mt7697_hdk\iot_sdk_demo\Debug\List\ping_cli.lst
#    Object file  =  
#        C:\LEO\myGit\MTK
#        IOT\SDK_V4.2.0\out_iar\mt7697_hdk\iot_sdk_demo\Debug\Obj\ping_cli.o
#
###############################################################################

C:\LEO\myGit\MTK IOT\SDK_V4.2.0\middleware\third_party\ping\src\ping_cli.c
      1          
      2          #include <os.h>
      3          #include <toi.h>
      4          
      5          #include "ping.h"
      6          
      7          #include "ping_cli.h"
      8          
      9          
     10          uint8_t ping_cli_handler(uint8_t len, char *param[])
     11          {
     12              uint32_t count;
     13              uint32_t pktsz;
     14              uint8_t  type;
     15          
     16              if (len < 1) {
     17                  return 1;
     18              } else {
     19                  count = 3;
     20                  pktsz = 64;
     21              }
     22          
     23              if (len > 1) {
     24                  count = toi(param[1], &type);
     25                  if (type == TOI_ERR) {
     26                      return 2;
     27                  }
     28              }
     29          
     30              if (len > 2) {
     31                  pktsz = toi(param[2], &type);
     32                  if (type == TOI_ERR) {
     33                      return 2;
     34                  }
     35              }
     36          
     37              ping_init(count, param[0], os_strlen(param[0]), pktsz);
     38          
     39              return 0;
     40          }
     41          

   Maximum stack usage in bytes:

   .cstack Function
   ------- --------
      24   ping_cli_handler
        24   -> os_strlen
        24   -> ping_init
        24   -> toi


   Section sizes:

   Bytes  Function/Label
   -----  --------------
      90  ping_cli_handler

 
 90 bytes in section .text
 
 90 bytes of CODE memory

Errors: none
Warnings: none
