###############################################################################
#
# IAR ANSI C/C++ Compiler V8.11.2.13589/W32 for ARM       28/Jun/2017  11:27:17
# Copyright 1999-2017 IAR Systems AB.
#
#    Cpu mode     =  thumb
#    Endian       =  little
#    Source file  =  
#        C:\LEO\myGit\MTK-IOT\SDK_V4.3.0\project\mt7697_hdk\apps\iot_sdk\src\cli_def.c
#    Command line =  
#        -f C:\Users\leo\AppData\Local\Temp\EW562C.tmp
#        (C:\LEO\myGit\MTK-IOT\SDK_V4.3.0\project\mt7697_hdk\apps\iot_sdk\src\cli_def.c
#        -D MTK_LOAD_MAC_ADDR_FROM_EFUSE -D MTK_PING_OUT_ENABLE -D
#        MTK_WIFI_PROFILE_ENABLE -D PCFG_OS=2 -D _REENT_SMALL -D
#        MTK_MINISUPP_ENABLE -D MTK_MINICLI_ENABLE -D MTK_BSPEXT_ENABLE -D
#        MTK_HAL_LOWPOWER_ENABLE -D MTK_LWIP_ENABLE -D
#        MTK_HTTPCLIENT_SSL_ENABLE -D MTK_IPERF_ENABLE -D PRODUCT_VERSION=7697
#        -D MTK_FLASH_DIRECT_DL -D MTK_PATCH_DL_ENABLE -D MTK_SMTCN_V5_ENABLE
#        -D MTK_CLI_TEST_MODE_ENABLE -D MTK_WIFI_REPEATER_ENABLE -D
#        CONFIG_REPEATER -D MTK_DEBUG_LEVEL_INFO -D MTK_DEBUG_LEVEL_WARNING -D
#        MTK_DEBUG_LEVEL_ERROR -D configOVERRIDE_DEFAULT_TICK_CONFIGURATION -D
#        CFG_SUPPORT_SMNT_PROTO=2 -D BT_DEBUG -D MTK_BLE_CLI_ENABLE -D
#        MTK_BLE_BQB_CLI_ENABLE -D MTK_HCI_CONSOLE_MIX_ENABLE -D
#        MTK_BLE_BQB_TEST_ENABLE -D MTK_BLE_SMTCN_ENABLE -D
#        MBEDTLS_CONFIG_FILE=<config-mtk-md5.h> -D MTK_NVDM_ENABLE -D
#        MTK_WIFI_PRIVILEGE_ENABLE -D __BT_DEBUG__ -lcN
#        C:\LEO\myGit\MTK-IOT\SDK_V4.3.0\out_iar\mt7697_hdk\iot_sdk\Debug\List
#        -lA
#        C:\LEO\myGit\MTK-IOT\SDK_V4.3.0\out_iar\mt7697_hdk\iot_sdk\Debug\List
#        --diag_suppress Pa050,Ta022,Ta023 --diag_error Pe606 -o
#        C:\LEO\myGit\MTK-IOT\SDK_V4.3.0\out_iar\mt7697_hdk\iot_sdk\Debug\Obj
#        --no_unroll --no_inline --no_tbaa --no_scheduling --debug
#        --endian=little --cpu=Cortex-M4 -e --fpu=VFPv4_sp --dlib_config
#        "C:\Program Files (x86)\IAR Systems\Embedded Workbench
#        8.0_2\arm\INC\c\DLib_Config_Full.h" -I
#        C:\LEO\myGit\MTK-IOT\SDK_V4.3.0\project\mt7697_hdk\apps\iot_sdk\EWARM\..\inc\
#        -I
#        C:\LEO\myGit\MTK-IOT\SDK_V4.3.0\project\mt7697_hdk\apps\iot_sdk\EWARM\..\..\..\..\..\kernel\service\inc\
#        -I
#        C:\LEO\myGit\MTK-IOT\SDK_V4.3.0\project\mt7697_hdk\apps\iot_sdk\EWARM\..\..\..\..\..\kernel\rtos\FreeRTOS\Source\include\
#        -I
#        C:\LEO\myGit\MTK-IOT\SDK_V4.3.0\project\mt7697_hdk\apps\iot_sdk\EWARM\..\..\..\..\..\kernel\rtos\FreeRTOS\Source\portable\IAR\ARM_CM4F\
#        -I
#        C:\LEO\myGit\MTK-IOT\SDK_V4.3.0\project\mt7697_hdk\apps\iot_sdk\EWARM\..\..\..\..\..\kernel\rtos\FreeRTOS\inc\
#        -I
#        C:\LEO\myGit\MTK-IOT\SDK_V4.3.0\project\mt7697_hdk\apps\iot_sdk\EWARM\..\..\..\..\..\driver\CMSIS\Device\MTK\mt7687\Include\
#        -I
#        C:\LEO\myGit\MTK-IOT\SDK_V4.3.0\project\mt7697_hdk\apps\iot_sdk\EWARM\..\..\..\..\..\driver\CMSIS\Include\
#        -I
#        C:\LEO\myGit\MTK-IOT\SDK_V4.3.0\project\mt7697_hdk\apps\iot_sdk\EWARM\..\..\..\..\..\middleware\third_party\lwip\src\include\
#        -I
#        C:\LEO\myGit\MTK-IOT\SDK_V4.3.0\project\mt7697_hdk\apps\iot_sdk\EWARM\..\..\..\..\..\middleware\third_party\lwip\ports\include\
#        -I
#        C:\LEO\myGit\MTK-IOT\SDK_V4.3.0\project\mt7697_hdk\apps\iot_sdk\EWARM\..\..\..\..\..\driver\chip\inc\
#        -I
#        C:\LEO\myGit\MTK-IOT\SDK_V4.3.0\project\mt7697_hdk\apps\iot_sdk\EWARM\..\..\..\..\..\driver\chip\mt7687\inc\
#        -I
#        C:\LEO\myGit\MTK-IOT\SDK_V4.3.0\project\mt7697_hdk\apps\iot_sdk\EWARM\..\..\..\..\..\middleware\MTK\wifi_service\combo\inc\
#        -I
#        C:\LEO\myGit\MTK-IOT\SDK_V4.3.0\project\mt7697_hdk\apps\iot_sdk\EWARM\..\..\..\..\..\middleware\MTK\dhcpd\inc\
#        -I
#        C:\LEO\myGit\MTK-IOT\SDK_V4.3.0\project\mt7697_hdk\apps\iot_sdk\EWARM\..\..\..\..\..\middleware\MTK\minicli\inc\
#        -I
#        C:\LEO\myGit\MTK-IOT\SDK_V4.3.0\project\mt7697_hdk\apps\iot_sdk\EWARM\..\..\..\..\..\middleware\MTK\minisupp\inc\
#        -I
#        C:\LEO\myGit\MTK-IOT\SDK_V4.3.0\project\mt7697_hdk\apps\iot_sdk\EWARM\..\..\..\..\..\prebuilt\middleware\MTK\minisupp\inc\
#        -I
#        C:\LEO\myGit\MTK-IOT\SDK_V4.3.0\project\mt7697_hdk\apps\iot_sdk\EWARM\..\..\..\..\..\driver\chip\inc\
#        -I
#        C:\LEO\myGit\MTK-IOT\SDK_V4.3.0\project\mt7697_hdk\apps\iot_sdk\EWARM\..\..\..\..\..\driver\chip\mt7687\src\common\include\
#        -I
#        C:\LEO\myGit\MTK-IOT\SDK_V4.3.0\project\mt7697_hdk\apps\iot_sdk\EWARM\..\..\..\..\..\middleware\third_party\lwip\src\include\
#        -I
#        C:\LEO\myGit\MTK-IOT\SDK_V4.3.0\project\mt7697_hdk\apps\iot_sdk\EWARM\..\..\..\..\..\middleware\third_party\lwip\ports\include\
#        -I
#        C:\LEO\myGit\MTK-IOT\SDK_V4.3.0\project\mt7697_hdk\apps\iot_sdk\EWARM\..\..\..\..\..\middleware\third_party\lwip\src\include\lwip\
#        -I
#        C:\LEO\myGit\MTK-IOT\SDK_V4.3.0\project\mt7697_hdk\apps\iot_sdk\EWARM\..\..\..\..\..\project\common\bsp_ex\inc\
#        -I
#        C:\LEO\myGit\MTK-IOT\SDK_V4.3.0\project\mt7697_hdk\apps\iot_sdk\EWARM\..\..\..\..\..\middleware\MTK\nvdm\inc\
#        -I
#        C:\LEO\myGit\MTK-IOT\SDK_V4.3.0\project\mt7697_hdk\apps\iot_sdk\EWARM\..\..\..\..\..\middleware\third_party\ping\inc\
#        -I
#        C:\LEO\myGit\MTK-IOT\SDK_V4.3.0\project\mt7697_hdk\apps\iot_sdk\EWARM\..\..\..\..\..\middleware\MTK\smtcn\inc\
#        -I
#        C:\LEO\myGit\MTK-IOT\SDK_V4.3.0\project\mt7697_hdk\apps\iot_sdk\EWARM\..\..\..\..\..\middleware\MTK\smtcn\inc\internal\
#        -I
#        C:\LEO\myGit\MTK-IOT\SDK_V4.3.0\project\mt7697_hdk\apps\iot_sdk\EWARM\..\..\..\..\..\middleware\MTK\iperf\inc\
#        -I
#        C:\LEO\myGit\MTK-IOT\SDK_V4.3.0\project\mt7697_hdk\apps\iot_sdk\EWARM\..\..\..\..\..\project\mt7697_hdk\apps\iot_sdk\inc\
#        -I
#        C:\LEO\myGit\MTK-IOT\SDK_V4.3.0\project\mt7697_hdk\apps\iot_sdk\EWARM\..\..\..\..\..\driver\chip\mt7687\inc\
#        -I
#        C:\LEO\myGit\MTK-IOT\SDK_V4.3.0\project\mt7697_hdk\apps\iot_sdk\EWARM\..\..\..\..\..\driver\board\mt76x7_hdk\util\inc\
#        -I
#        C:\LEO\myGit\MTK-IOT\SDK_V4.3.0\project\mt7697_hdk\apps\iot_sdk\EWARM\..\..\..\..\..\middleware\MTK\wifi_service\combo\inc\
#        -I
#        C:\LEO\myGit\MTK-IOT\SDK_V4.3.0\project\mt7697_hdk\apps\iot_sdk\EWARM\..\..\..\..\..\middleware\MTK\bluetooth\inc\
#        -I
#        C:\LEO\myGit\MTK-IOT\SDK_V4.3.0\project\mt7697_hdk\apps\iot_sdk\EWARM\..\..\..\..\..\prebuilt\middleware\MTK\bluetooth\inc\
#        -I
#        C:\LEO\myGit\MTK-IOT\SDK_V4.3.0\project\mt7697_hdk\apps\iot_sdk\EWARM\..\..\..\..\..\project\mt7697_hdk\apps\iot_sdk\src\ut_app\
#        -I
#        C:\LEO\myGit\MTK-IOT\SDK_V4.3.0\project\mt7697_hdk\apps\iot_sdk\EWARM\..\..\..\..\..\driver\board\mt76x7_hdk\ept\inc\
#        -I
#        C:\LEO\myGit\MTK-IOT\SDK_V4.3.0\project\mt7697_hdk\apps\iot_sdk\EWARM\..\..\..\..\..\middleware\third_party\mbedtls\include\
#        -I
#        C:\LEO\myGit\MTK-IOT\SDK_V4.3.0\project\mt7697_hdk\apps\iot_sdk\EWARM\..\..\..\..\..\middleware\third_party\mbedtls\configs\
#        -I
#        C:\LEO\myGit\MTK-IOT\SDK_V4.3.0\project\mt7697_hdk\apps\iot_sdk\EWARM\..\..\..\..\..\driver\board\mt76x7_hdk\external_flash\inc\
#        -I
#        C:\LEO\myGit\MTK-IOT\SDK_V4.3.0\project\mt7697_hdk\apps\iot_sdk\EWARM\..\..\..\..\..\middleware\MTK\connsys\inc\
#        -Om -I "C:\Program Files (x86)\IAR Systems\Embedded Workbench
#        8.0_2\arm\CMSIS\Include\")
#    Locale       =  C
#    List file    =  
#        C:\LEO\myGit\MTK-IOT\SDK_V4.3.0\out_iar\mt7697_hdk\iot_sdk\Debug\List\cli_def.lst
#    Object file  =  
#        C:\LEO\myGit\MTK-IOT\SDK_V4.3.0\out_iar\mt7697_hdk\iot_sdk\Debug\Obj\cli_def.o
#
###############################################################################

C:\LEO\myGit\MTK-IOT\SDK_V4.3.0\project\mt7697_hdk\apps\iot_sdk\src\cli_def.c
      1          /* Copyright Statement:
      2           *
      3           * (C) 2005-2016  MediaTek Inc. All rights reserved.
      4           *
      5           * This software/firmware and related documentation ("MediaTek Software") are
      6           * protected under relevant copyright laws. The information contained herein
      7           * is confidential and proprietary to MediaTek Inc. ("MediaTek") and/or its licensors.
      8           * Without the prior written permission of MediaTek and/or its licensors,
      9           * any reproduction, modification, use or disclosure of MediaTek Software,
     10           * and information contained herein, in whole or in part, shall be strictly prohibited.
     11           * You may only use, reproduce, modify, or distribute (as applicable) MediaTek Software
     12           * if you have agreed to and been bound by the applicable license agreement with
     13           * MediaTek ("License Agreement") and been granted explicit permission to do so within
     14           * the License Agreement ("Permitted User").  If you are not a Permitted User,
     15           * please cease any access or use of MediaTek Software immediately.
     16           * BY OPENING THIS FILE, RECEIVER HEREBY UNEQUIVOCALLY ACKNOWLEDGES AND AGREES
     17           * THAT MEDIATEK SOFTWARE RECEIVED FROM MEDIATEK AND/OR ITS REPRESENTATIVES
     18           * ARE PROVIDED TO RECEIVER ON AN "AS-IS" BASIS ONLY. MEDIATEK EXPRESSLY DISCLAIMS ANY AND ALL
     19           * WARRANTIES, EXPRESS OR IMPLIED, INCLUDING BUT NOT LIMITED TO THE IMPLIED WARRANTIES OF
     20           * MERCHANTABILITY, FITNESS FOR A PARTICULAR PURPOSE OR NONINFRINGEMENT.
     21           * NEITHER DOES MEDIATEK PROVIDE ANY WARRANTY WHATSOEVER WITH RESPECT TO THE
     22           * SOFTWARE OF ANY THIRD PARTY WHICH MAY BE USED BY, INCORPORATED IN, OR
     23           * SUPPLIED WITH MEDIATEK SOFTWARE, AND RECEIVER AGREES TO LOOK ONLY TO SUCH
     24           * THIRD PARTY FOR ANY WARRANTY CLAIM RELATING THERETO. RECEIVER EXPRESSLY ACKNOWLEDGES
     25           * THAT IT IS RECEIVER'S SOLE RESPONSIBILITY TO OBTAIN FROM ANY THIRD PARTY ALL PROPER LICENSES
     26           * CONTAINED IN MEDIATEK SOFTWARE. MEDIATEK SHALL ALSO NOT BE RESPONSIBLE FOR ANY MEDIATEK
     27           * SOFTWARE RELEASES MADE TO RECEIVER'S SPECIFICATION OR TO CONFORM TO A PARTICULAR
     28           * STANDARD OR OPEN FORUM. RECEIVER'S SOLE AND EXCLUSIVE REMEDY AND MEDIATEK'S ENTIRE AND
     29           * CUMULATIVE LIABILITY WITH RESPECT TO MEDIATEK SOFTWARE RELEASED HEREUNDER WILL BE,
     30           * AT MEDIATEK'S OPTION, TO REVISE OR REPLACE MEDIATEK SOFTWARE AT ISSUE,
     31           * OR REFUND ANY SOFTWARE LICENSE FEES OR SERVICE CHARGE PAID BY RECEIVER TO
     32           * MEDIATEK FOR SUCH MEDIATEK SOFTWARE AT ISSUE.
     33           */
     34          
     35          /**
     36           * This file contains the root of all CLI commands. They are divided into
     37           * three modes: NORMAL, TEST, EXAMPLE.
     38           *
     39           * Normal and test are enabled by default. TEST mode commands can be turned
     40           * off by setting MTK_CLI_TEST_MODE_ENABLE to 'n' in feature.mk. Example
     41           * mode CLI commands can be included by setting MTK_CLI_EXAMPLE_MODE_ENABLE
     42           * to 'y' in feature.mk.
     43           */
     44          
     45          /****************************************************************************
     46           *
     47           * Header files.
     48           *
     49           ****************************************************************************/
     50          
     51          #if defined(MTK_MINICLI_ENABLE)
     52          
     53          
     54          #include <stdio.h>
     55          #include <stdint.h>
     56          #include <stdlib.h>
     57          #include <string.h>
     58          
     59          /* Kernel includes. */
     60          #include <FreeRTOS.h>
     61          #include <task.h>
     62          
     63          #include "cli.h"
     64          #include "cli_def.h"
     65          #include "task_def.h"
     66          
     67          #include <toi.h>
     68          #include <type_def.h>
     69          #include <os.h>
     70          #include <os_util.h>
     71          
     72          #include "io_def.h"
     73          
     74          #include "cli_cmds.h"
     75          
     76          
     77          GETCHAR_PROTOTYPE;
     78          PUTCHAR_PROTOTYPE;
     79          
     80          
     81          static cli_t _cli_cb = {
     82              .state  = 1,
     83              .echo   = 0,
     84              .get    = __io_getchar,
     85              .put    = __io_putchar,
     86          };
     87          
     88          
     89          /****************************************************************************
     90           * Private Functions
     91           ****************************************************************************/
     92          
     93          
     94          #if !defined(CLI_DISABLE_LINE_EDIT) && !defined(CLI_DISABLE_HISTORY)
     95          #define HISTORY_LINE_MAX    (128)
     96          #define HISTORY_LINES       (5)
     97          #endif /* !CLI_DISABLE_LINE_EDIT && !CLI_DISABLE_HISTORY */
     98          
     99          
    100          #if !defined(CLI_DISABLE_LINE_EDIT) && !defined(CLI_DISABLE_HISTORY)
    101          
    102          static char s_history_lines[ HISTORY_LINES ][ HISTORY_LINE_MAX ];
    103          static char *s_history_ptrs[ HISTORY_LINES ];
    104          
    105          static char s_history_input[ HISTORY_LINE_MAX ];
    106          static char s_history_parse_token[ HISTORY_LINE_MAX ];
    107          
    108          #endif /* !CLI_DISABLE_LINE_EDIT && !CLI_DISABLE_HISTORY */
    109          
    110          
    111          /****************************************************************************
    112           * Public Functions
    113           ****************************************************************************/
    114          
    115          
    116          void cli_def_create(void)
    117          {
    118          #if !defined(CLI_DISABLE_LINE_EDIT) && !defined(CLI_DISABLE_HISTORY)
    119              cli_history_t *hist = &_cli_cb.history;
    120              int i;
    121          
    122              for (i = 0; i < HISTORY_LINES; i++) {
    123                  s_history_ptrs[i] = s_history_lines[i];
    124              }
    125              hist->history           = &s_history_ptrs[0];
    126          
    127              hist->input             = s_history_input;
    128              hist->parse_token       = s_history_parse_token;
    129              hist->history_max       = HISTORY_LINES;
    130              hist->line_max          = HISTORY_LINE_MAX;
    131              hist->index             = 0;
    132              hist->position          = 0;
    133              hist->full              = 0;
    134          #endif /* !CLI_DISABLE_LINE_EDIT && !CLI_DISABLE_HISTORY */
    135          
    136              cli_cmds_init(&_cli_cb);
    137              cli_init(&_cli_cb);
    138          }
    139          
    140          
    141          void cli_def_task(void *param)
    142          {
    143              while (1) {
    144                  cli_task();
    145              }
    146          }
    147          
    148          
    149          int cli_task_create(void)
    150          {
    151              if (xTaskCreate(cli_def_task,
    152                              MINICLI_TASK_NAME,
    153                              MINICLI_TASK_STACKSIZE / sizeof(portSTACK_TYPE),
    154                              NULL,
    155                              MINICLI_TASK_PRIO,
    156                              NULL) != pdPASS)
    157              {
    158                  LOG_E(common, "xTaskCreate fail");
    159                  return -1;
    160              }
    161          
    162              return 0;
    163          }
    164          
    165          
    166          #endif /* #if defined(MTK_MINICLI_ENABLE) */
    167          

   Maximum stack usage in bytes:

   .cstack Function
   ------- --------
       8   cli_def_create
         8   -> cli_cmds_init
         0   -> cli_init
       8   cli_def_task
         8   -> cli_task
      24   cli_task_create
        24   -- Indirect call
        24   -> xTaskGenericCreate


   Section sizes:

   Bytes  Function/Label
   -----  --------------
       4  ??DataTable4
       4  ??DataTable4_1
       4  ??DataTable4_2
       4  ??DataTable4_3
       4  ?_0
      20  ?_1
    1044  _cli_cb
          s_history_ptrs
          s_history_lines
          s_history_input
          s_history_parse_token
      76  cli_def_create
       8  cli_def_task
      64  cli_task_create
      16  -- Other

 
 1 044 bytes in section .data
     4 bytes in section .rodata
   200 bytes in section .text
 
   200 bytes of CODE  memory
     4 bytes of CONST memory
 1 044 bytes of DATA  memory

Errors: none
Warnings: none
