###############################################################################
#
# IAR ANSI C/C++ Compiler V8.11.2.13589/W32 for ARM       28/Jun/2017  11:27:20
# Copyright 1999-2017 IAR Systems AB.
#
#    Cpu mode     =  thumb
#    Endian       =  little
#    Source file  =  
#        C:\LEO\myGit\MTK-IOT\SDK_V4.3.0\project\mt7697_hdk\apps\iot_sdk\src\ept_eint_var.c
#    Command line =  
#        -f C:\Users\leo\AppData\Local\Temp\EW6179.tmp
#        (C:\LEO\myGit\MTK-IOT\SDK_V4.3.0\project\mt7697_hdk\apps\iot_sdk\src\ept_eint_var.c
#        -D MTK_LOAD_MAC_ADDR_FROM_EFUSE -D MTK_PING_OUT_ENABLE -D
#        MTK_WIFI_PROFILE_ENABLE -D PCFG_OS=2 -D _REENT_SMALL -D
#        MTK_MINISUPP_ENABLE -D MTK_MINICLI_ENABLE -D MTK_BSPEXT_ENABLE -D
#        MTK_HAL_LOWPOWER_ENABLE -D MTK_LWIP_ENABLE -D
#        MTK_HTTPCLIENT_SSL_ENABLE -D MTK_IPERF_ENABLE -D PRODUCT_VERSION=7697
#        -D MTK_FLASH_DIRECT_DL -D MTK_PATCH_DL_ENABLE -D MTK_SMTCN_V5_ENABLE
#        -D MTK_CLI_TEST_MODE_ENABLE -D MTK_WIFI_REPEATER_ENABLE -D
#        CONFIG_REPEATER -D MTK_DEBUG_LEVEL_INFO -D MTK_DEBUG_LEVEL_WARNING -D
#        MTK_DEBUG_LEVEL_ERROR -D configOVERRIDE_DEFAULT_TICK_CONFIGURATION -D
#        CFG_SUPPORT_SMNT_PROTO=2 -D BT_DEBUG -D MTK_BLE_CLI_ENABLE -D
#        MTK_BLE_BQB_CLI_ENABLE -D MTK_HCI_CONSOLE_MIX_ENABLE -D
#        MTK_BLE_BQB_TEST_ENABLE -D MTK_BLE_SMTCN_ENABLE -D
#        MBEDTLS_CONFIG_FILE=<config-mtk-md5.h> -D MTK_NVDM_ENABLE -D
#        MTK_WIFI_PRIVILEGE_ENABLE -D __BT_DEBUG__ -lcN
#        C:\LEO\myGit\MTK-IOT\SDK_V4.3.0\out_iar\mt7697_hdk\iot_sdk\Debug\List
#        -lA
#        C:\LEO\myGit\MTK-IOT\SDK_V4.3.0\out_iar\mt7697_hdk\iot_sdk\Debug\List
#        --diag_suppress Pa050,Ta022,Ta023 --diag_error Pe606 -o
#        C:\LEO\myGit\MTK-IOT\SDK_V4.3.0\out_iar\mt7697_hdk\iot_sdk\Debug\Obj
#        --no_unroll --no_inline --no_tbaa --no_scheduling --debug
#        --endian=little --cpu=Cortex-M4 -e --fpu=VFPv4_sp --dlib_config
#        "C:\Program Files (x86)\IAR Systems\Embedded Workbench
#        8.0_2\arm\INC\c\DLib_Config_Full.h" -I
#        C:\LEO\myGit\MTK-IOT\SDK_V4.3.0\project\mt7697_hdk\apps\iot_sdk\EWARM\..\inc\
#        -I
#        C:\LEO\myGit\MTK-IOT\SDK_V4.3.0\project\mt7697_hdk\apps\iot_sdk\EWARM\..\..\..\..\..\kernel\service\inc\
#        -I
#        C:\LEO\myGit\MTK-IOT\SDK_V4.3.0\project\mt7697_hdk\apps\iot_sdk\EWARM\..\..\..\..\..\kernel\rtos\FreeRTOS\Source\include\
#        -I
#        C:\LEO\myGit\MTK-IOT\SDK_V4.3.0\project\mt7697_hdk\apps\iot_sdk\EWARM\..\..\..\..\..\kernel\rtos\FreeRTOS\Source\portable\IAR\ARM_CM4F\
#        -I
#        C:\LEO\myGit\MTK-IOT\SDK_V4.3.0\project\mt7697_hdk\apps\iot_sdk\EWARM\..\..\..\..\..\kernel\rtos\FreeRTOS\inc\
#        -I
#        C:\LEO\myGit\MTK-IOT\SDK_V4.3.0\project\mt7697_hdk\apps\iot_sdk\EWARM\..\..\..\..\..\driver\CMSIS\Device\MTK\mt7687\Include\
#        -I
#        C:\LEO\myGit\MTK-IOT\SDK_V4.3.0\project\mt7697_hdk\apps\iot_sdk\EWARM\..\..\..\..\..\driver\CMSIS\Include\
#        -I
#        C:\LEO\myGit\MTK-IOT\SDK_V4.3.0\project\mt7697_hdk\apps\iot_sdk\EWARM\..\..\..\..\..\middleware\third_party\lwip\src\include\
#        -I
#        C:\LEO\myGit\MTK-IOT\SDK_V4.3.0\project\mt7697_hdk\apps\iot_sdk\EWARM\..\..\..\..\..\middleware\third_party\lwip\ports\include\
#        -I
#        C:\LEO\myGit\MTK-IOT\SDK_V4.3.0\project\mt7697_hdk\apps\iot_sdk\EWARM\..\..\..\..\..\driver\chip\inc\
#        -I
#        C:\LEO\myGit\MTK-IOT\SDK_V4.3.0\project\mt7697_hdk\apps\iot_sdk\EWARM\..\..\..\..\..\driver\chip\mt7687\inc\
#        -I
#        C:\LEO\myGit\MTK-IOT\SDK_V4.3.0\project\mt7697_hdk\apps\iot_sdk\EWARM\..\..\..\..\..\middleware\MTK\wifi_service\combo\inc\
#        -I
#        C:\LEO\myGit\MTK-IOT\SDK_V4.3.0\project\mt7697_hdk\apps\iot_sdk\EWARM\..\..\..\..\..\middleware\MTK\dhcpd\inc\
#        -I
#        C:\LEO\myGit\MTK-IOT\SDK_V4.3.0\project\mt7697_hdk\apps\iot_sdk\EWARM\..\..\..\..\..\middleware\MTK\minicli\inc\
#        -I
#        C:\LEO\myGit\MTK-IOT\SDK_V4.3.0\project\mt7697_hdk\apps\iot_sdk\EWARM\..\..\..\..\..\middleware\MTK\minisupp\inc\
#        -I
#        C:\LEO\myGit\MTK-IOT\SDK_V4.3.0\project\mt7697_hdk\apps\iot_sdk\EWARM\..\..\..\..\..\prebuilt\middleware\MTK\minisupp\inc\
#        -I
#        C:\LEO\myGit\MTK-IOT\SDK_V4.3.0\project\mt7697_hdk\apps\iot_sdk\EWARM\..\..\..\..\..\driver\chip\inc\
#        -I
#        C:\LEO\myGit\MTK-IOT\SDK_V4.3.0\project\mt7697_hdk\apps\iot_sdk\EWARM\..\..\..\..\..\driver\chip\mt7687\src\common\include\
#        -I
#        C:\LEO\myGit\MTK-IOT\SDK_V4.3.0\project\mt7697_hdk\apps\iot_sdk\EWARM\..\..\..\..\..\middleware\third_party\lwip\src\include\
#        -I
#        C:\LEO\myGit\MTK-IOT\SDK_V4.3.0\project\mt7697_hdk\apps\iot_sdk\EWARM\..\..\..\..\..\middleware\third_party\lwip\ports\include\
#        -I
#        C:\LEO\myGit\MTK-IOT\SDK_V4.3.0\project\mt7697_hdk\apps\iot_sdk\EWARM\..\..\..\..\..\middleware\third_party\lwip\src\include\lwip\
#        -I
#        C:\LEO\myGit\MTK-IOT\SDK_V4.3.0\project\mt7697_hdk\apps\iot_sdk\EWARM\..\..\..\..\..\project\common\bsp_ex\inc\
#        -I
#        C:\LEO\myGit\MTK-IOT\SDK_V4.3.0\project\mt7697_hdk\apps\iot_sdk\EWARM\..\..\..\..\..\middleware\MTK\nvdm\inc\
#        -I
#        C:\LEO\myGit\MTK-IOT\SDK_V4.3.0\project\mt7697_hdk\apps\iot_sdk\EWARM\..\..\..\..\..\middleware\third_party\ping\inc\
#        -I
#        C:\LEO\myGit\MTK-IOT\SDK_V4.3.0\project\mt7697_hdk\apps\iot_sdk\EWARM\..\..\..\..\..\middleware\MTK\smtcn\inc\
#        -I
#        C:\LEO\myGit\MTK-IOT\SDK_V4.3.0\project\mt7697_hdk\apps\iot_sdk\EWARM\..\..\..\..\..\middleware\MTK\smtcn\inc\internal\
#        -I
#        C:\LEO\myGit\MTK-IOT\SDK_V4.3.0\project\mt7697_hdk\apps\iot_sdk\EWARM\..\..\..\..\..\middleware\MTK\iperf\inc\
#        -I
#        C:\LEO\myGit\MTK-IOT\SDK_V4.3.0\project\mt7697_hdk\apps\iot_sdk\EWARM\..\..\..\..\..\project\mt7697_hdk\apps\iot_sdk\inc\
#        -I
#        C:\LEO\myGit\MTK-IOT\SDK_V4.3.0\project\mt7697_hdk\apps\iot_sdk\EWARM\..\..\..\..\..\driver\chip\mt7687\inc\
#        -I
#        C:\LEO\myGit\MTK-IOT\SDK_V4.3.0\project\mt7697_hdk\apps\iot_sdk\EWARM\..\..\..\..\..\driver\board\mt76x7_hdk\util\inc\
#        -I
#        C:\LEO\myGit\MTK-IOT\SDK_V4.3.0\project\mt7697_hdk\apps\iot_sdk\EWARM\..\..\..\..\..\middleware\MTK\wifi_service\combo\inc\
#        -I
#        C:\LEO\myGit\MTK-IOT\SDK_V4.3.0\project\mt7697_hdk\apps\iot_sdk\EWARM\..\..\..\..\..\middleware\MTK\bluetooth\inc\
#        -I
#        C:\LEO\myGit\MTK-IOT\SDK_V4.3.0\project\mt7697_hdk\apps\iot_sdk\EWARM\..\..\..\..\..\prebuilt\middleware\MTK\bluetooth\inc\
#        -I
#        C:\LEO\myGit\MTK-IOT\SDK_V4.3.0\project\mt7697_hdk\apps\iot_sdk\EWARM\..\..\..\..\..\project\mt7697_hdk\apps\iot_sdk\src\ut_app\
#        -I
#        C:\LEO\myGit\MTK-IOT\SDK_V4.3.0\project\mt7697_hdk\apps\iot_sdk\EWARM\..\..\..\..\..\driver\board\mt76x7_hdk\ept\inc\
#        -I
#        C:\LEO\myGit\MTK-IOT\SDK_V4.3.0\project\mt7697_hdk\apps\iot_sdk\EWARM\..\..\..\..\..\middleware\third_party\mbedtls\include\
#        -I
#        C:\LEO\myGit\MTK-IOT\SDK_V4.3.0\project\mt7697_hdk\apps\iot_sdk\EWARM\..\..\..\..\..\middleware\third_party\mbedtls\configs\
#        -I
#        C:\LEO\myGit\MTK-IOT\SDK_V4.3.0\project\mt7697_hdk\apps\iot_sdk\EWARM\..\..\..\..\..\driver\board\mt76x7_hdk\external_flash\inc\
#        -I
#        C:\LEO\myGit\MTK-IOT\SDK_V4.3.0\project\mt7697_hdk\apps\iot_sdk\EWARM\..\..\..\..\..\middleware\MTK\connsys\inc\
#        -Om -I "C:\Program Files (x86)\IAR Systems\Embedded Workbench
#        8.0_2\arm\CMSIS\Include\")
#    Locale       =  C
#    List file    =  
#        C:\LEO\myGit\MTK-IOT\SDK_V4.3.0\out_iar\mt7697_hdk\iot_sdk\Debug\List\ept_eint_var.lst
#    Object file  =  
#        C:\LEO\myGit\MTK-IOT\SDK_V4.3.0\out_iar\mt7697_hdk\iot_sdk\Debug\Obj\ept_eint_var.o
#
###############################################################################

C:\LEO\myGit\MTK-IOT\SDK_V4.3.0\project\mt7697_hdk\apps\iot_sdk\src\ept_eint_var.c
      1          /*
      2           * Generated by MTK Easy PinMux Tool Version 1.0.7 for 7687. Copyright MediaTek Inc. (C) 2015.
      3           * Thu Oct 27 14:22:18 2016
      4           * Do Not Modify the File.
      5           */
      6          
      7          /*****************************************************************************
      8          *
      9          * Filename:
     10          * ---------
     11          *    ***.*
     12          *
     13          * Project:
     14          * --------
     15          *
     16          * Description:
     17          * ------------
     18          *
     19          * Author:
     20          * -------
     21          *
     22          *============================================================================
     23          ****************************************************************************/
     24          
     25          
     26          const unsigned char BSP_CTP_EINT = 0xff;
     27          const unsigned char HAL_ACCDET_EINT = 0xff;
     28          const unsigned char HAL_MSDC_EINT = 0xff;
     29          const unsigned char BSP_GNSS_EINT = 0xff;
     30          const unsigned char BSP_WIFI_EINT = 0xff;
     31          const unsigned char MODEM_EXCEPTION_EINT = 0xff;
     32          const unsigned char MODEM_WAKEUP_EINT = 0xff;
     33          
     34          
     35          
     36          


   Section sizes:

   Bytes  Function/Label
   -----  --------------
       1  BSP_CTP_EINT
       1  BSP_GNSS_EINT
       1  BSP_WIFI_EINT
       1  HAL_ACCDET_EINT
       1  HAL_MSDC_EINT
       1  MODEM_EXCEPTION_EINT
       1  MODEM_WAKEUP_EINT

 
 7 bytes in section .rodata
 
 7 bytes of CONST memory

Errors: none
Warnings: none
